[2021-12-20 04:47:22 | info | root]: Now training of Implicit-GON is starting. We provide the parameters as the following
[2021-12-20 04:47:22 | info | root]: Dataset = coil
[2021-12-20 04:47:22 | info | root]: num_latent = 32
[2021-12-20 04:47:22 | info | root]: lr = 0.0001
[2021-12-20 04:47:22 | info | root]: n_epochs = 500
[2021-12-20 04:47:22 | info | root]: Epoch : 0
[2021-12-20 04:47:23 | info | root]: Train Loss : 0.19763072
[2021-12-20 04:47:23 | info | root]: Test Loss : 0.1922507
[2021-12-20 04:48:13 | info | root]: Epoch : 1
[2021-12-20 04:48:13 | info | root]: Train Loss : 0.06746212
[2021-12-20 04:48:13 | info | root]: Test Loss : 0.06961614
[2021-12-20 04:48:37 | info | root]: Epoch : 2
[2021-12-20 04:48:37 | info | root]: Train Loss : 0.066532284
[2021-12-20 04:48:37 | info | root]: Test Loss : 0.06845922
[2021-12-20 04:48:42 | info | root]: Epoch : 3
[2021-12-20 04:48:42 | info | root]: Train Loss : 0.065632895
[2021-12-20 04:48:42 | info | root]: Test Loss : 0.067724735
[2021-12-20 04:48:48 | info | root]: Epoch : 4
[2021-12-20 04:48:48 | info | root]: Train Loss : 0.05391243
[2021-12-20 04:48:48 | info | root]: Test Loss : 0.05493656
[2021-12-20 04:48:58 | info | root]: Epoch : 5
[2021-12-20 04:48:58 | info | root]: Train Loss : 0.050572906
[2021-12-20 04:48:58 | info | root]: Test Loss : 0.05226981
[2021-12-20 04:49:07 | info | root]: Epoch : 6
[2021-12-20 04:49:07 | info | root]: Train Loss : 0.04883675
[2021-12-20 04:49:07 | info | root]: Test Loss : 0.050119407
[2021-12-20 04:49:18 | info | root]: Epoch : 7
[2021-12-20 04:49:18 | info | root]: Train Loss : 0.04823491
[2021-12-20 04:49:18 | info | root]: Test Loss : 0.050060403
[2021-12-20 04:49:23 | info | root]: Epoch : 8
[2021-12-20 04:49:23 | info | root]: Train Loss : 0.048358697
[2021-12-20 04:49:23 | info | root]: Test Loss : 0.050115764
[2021-12-20 04:49:28 | info | root]: Epoch : 9
[2021-12-20 04:49:28 | info | root]: Train Loss : 0.04851079
[2021-12-20 04:49:28 | info | root]: Test Loss : 0.049892597
[2021-12-20 04:49:38 | info | root]: Epoch : 10
[2021-12-20 04:49:38 | info | root]: Train Loss : 0.049893357
[2021-12-20 04:49:38 | info | root]: Test Loss : 0.05154336
[2021-12-20 04:49:47 | info | root]: Epoch : 11
[2021-12-20 04:49:47 | info | root]: Train Loss : 0.051140185
[2021-12-20 04:49:47 | info | root]: Test Loss : 0.05195322
[2021-12-20 04:49:59 | info | root]: Epoch : 12
[2021-12-20 04:49:59 | info | root]: Train Loss : 0.04756713
[2021-12-20 04:49:59 | info | root]: Test Loss : 0.048516415
[2021-12-20 04:50:05 | info | root]: Epoch : 13
[2021-12-20 04:50:05 | info | root]: Train Loss : 0.047695212
[2021-12-20 04:50:05 | info | root]: Test Loss : 0.049454756
[2021-12-20 04:50:10 | info | root]: Epoch : 14
[2021-12-20 04:50:10 | info | root]: Train Loss : 0.04801205
[2021-12-20 04:50:10 | info | root]: Test Loss : 0.048730247
[2021-12-20 04:50:18 | info | root]: Epoch : 15
[2021-12-20 04:50:18 | info | root]: Train Loss : 0.048236594
[2021-12-20 04:50:18 | info | root]: Test Loss : 0.049675174
[2021-12-20 04:50:28 | info | root]: Epoch : 16
[2021-12-20 04:50:28 | info | root]: Train Loss : 0.045964923
[2021-12-20 04:50:28 | info | root]: Test Loss : 0.047639504
[2021-12-20 04:50:38 | info | root]: Epoch : 17
[2021-12-20 04:50:38 | info | root]: Train Loss : 0.04643363
[2021-12-20 04:50:38 | info | root]: Test Loss : 0.048166044
[2021-12-20 04:50:43 | info | root]: Epoch : 18
[2021-12-20 04:50:43 | info | root]: Train Loss : 0.04745718
[2021-12-20 04:50:43 | info | root]: Test Loss : 0.04897944
[2021-12-20 04:50:49 | info | root]: Epoch : 19
[2021-12-20 04:50:49 | info | root]: Train Loss : 0.046601936
[2021-12-20 04:50:49 | info | root]: Test Loss : 0.04811693
[2021-12-20 04:50:58 | info | root]: Epoch : 20
[2021-12-20 04:50:58 | info | root]: Train Loss : 0.045547977
[2021-12-20 04:50:58 | info | root]: Test Loss : 0.047995176
[2021-12-20 04:51:09 | info | root]: Epoch : 21
[2021-12-20 04:51:09 | info | root]: Train Loss : 0.04720105
[2021-12-20 04:51:09 | info | root]: Test Loss : 0.04874394
[2021-12-20 04:51:19 | info | root]: Epoch : 22
[2021-12-20 04:51:19 | info | root]: Train Loss : 0.046569206
[2021-12-20 04:51:19 | info | root]: Test Loss : 0.04787461
[2021-12-20 04:51:30 | info | root]: Epoch : 23
[2021-12-20 04:51:30 | info | root]: Train Loss : 0.046628132
[2021-12-20 04:51:30 | info | root]: Test Loss : 0.048310906
[2021-12-20 04:51:36 | info | root]: Epoch : 24
[2021-12-20 04:51:36 | info | root]: Train Loss : 0.045232818
[2021-12-20 04:51:36 | info | root]: Test Loss : 0.046760313
[2021-12-20 04:51:41 | info | root]: Epoch : 25
[2021-12-20 04:51:41 | info | root]: Train Loss : 0.04666732
[2021-12-20 04:51:41 | info | root]: Test Loss : 0.04837365
[2021-12-20 04:51:49 | info | root]: Epoch : 26
[2021-12-20 04:51:49 | info | root]: Train Loss : 0.044542864
[2021-12-20 04:51:49 | info | root]: Test Loss : 0.046562534
[2021-12-20 04:51:59 | info | root]: Epoch : 27
[2021-12-20 04:51:59 | info | root]: Train Loss : 0.044972092
[2021-12-20 04:51:59 | info | root]: Test Loss : 0.04691605
[2021-12-20 04:52:10 | info | root]: Epoch : 28
[2021-12-20 04:52:10 | info | root]: Train Loss : 0.043432236
[2021-12-20 04:52:10 | info | root]: Test Loss : 0.045326434
[2021-12-20 04:52:16 | info | root]: Epoch : 29
[2021-12-20 04:52:16 | info | root]: Train Loss : 0.04729176
[2021-12-20 04:52:16 | info | root]: Test Loss : 0.04867449
[2021-12-20 04:52:21 | info | root]: Epoch : 30
[2021-12-20 04:52:21 | info | root]: Train Loss : 0.046953175
[2021-12-20 04:52:21 | info | root]: Test Loss : 0.048114706
[2021-12-20 04:52:30 | info | root]: Epoch : 31
[2021-12-20 04:52:30 | info | root]: Train Loss : 0.04486651
[2021-12-20 04:52:30 | info | root]: Test Loss : 0.046817254
[2021-12-20 04:52:40 | info | root]: Epoch : 32
[2021-12-20 04:52:40 | info | root]: Train Loss : 0.044932645
[2021-12-20 04:52:40 | info | root]: Test Loss : 0.046403147
[2021-12-20 04:52:51 | info | root]: Epoch : 33
[2021-12-20 04:52:51 | info | root]: Train Loss : 0.043985095
[2021-12-20 04:52:51 | info | root]: Test Loss : 0.045877498
[2021-12-20 04:52:56 | info | root]: Epoch : 34
[2021-12-20 04:52:56 | info | root]: Train Loss : 0.043705963
[2021-12-20 04:52:56 | info | root]: Test Loss : 0.04626418
[2021-12-20 04:53:01 | info | root]: Epoch : 35
[2021-12-20 04:53:01 | info | root]: Train Loss : 0.04245849
[2021-12-20 04:53:01 | info | root]: Test Loss : 0.04486859
[2021-12-20 04:53:11 | info | root]: Epoch : 36
[2021-12-20 04:53:11 | info | root]: Train Loss : 0.046297655
[2021-12-20 04:53:11 | info | root]: Test Loss : 0.04870778
[2021-12-20 04:53:23 | info | root]: Epoch : 37
[2021-12-20 04:53:23 | info | root]: Train Loss : 0.04588286
[2021-12-20 04:53:23 | info | root]: Test Loss : 0.0476551
[2021-12-20 04:53:33 | info | root]: Epoch : 38
[2021-12-20 04:53:33 | info | root]: Train Loss : 0.0435971
[2021-12-20 04:53:33 | info | root]: Test Loss : 0.045848638
[2021-12-20 04:53:38 | info | root]: Epoch : 39
[2021-12-20 04:53:38 | info | root]: Train Loss : 0.0455814
[2021-12-20 04:53:38 | info | root]: Test Loss : 0.04822295
[2021-12-20 04:53:43 | info | root]: Epoch : 40
[2021-12-20 04:53:43 | info | root]: Train Loss : 0.03950337
[2021-12-20 04:53:43 | info | root]: Test Loss : 0.041249372
[2021-12-20 04:53:53 | info | root]: Epoch : 41
[2021-12-20 04:53:53 | info | root]: Train Loss : 0.03761273
[2021-12-20 04:53:53 | info | root]: Test Loss : 0.039459888
[2021-12-20 04:54:03 | info | root]: Epoch : 42
[2021-12-20 04:54:03 | info | root]: Train Loss : 0.0357078
[2021-12-20 04:54:03 | info | root]: Test Loss : 0.038008686
[2021-12-20 04:54:13 | info | root]: Epoch : 43
[2021-12-20 04:54:13 | info | root]: Train Loss : 0.037573528
[2021-12-20 04:54:13 | info | root]: Test Loss : 0.040172383
[2021-12-20 04:54:19 | info | root]: Epoch : 44
[2021-12-20 04:54:19 | info | root]: Train Loss : 0.035030853
[2021-12-20 04:54:19 | info | root]: Test Loss : 0.03716345
[2021-12-20 04:54:24 | info | root]: Epoch : 45
[2021-12-20 04:54:24 | info | root]: Train Loss : 0.03416252
[2021-12-20 04:54:24 | info | root]: Test Loss : 0.0364782
[2021-12-20 04:54:33 | info | root]: Epoch : 46
[2021-12-20 04:54:33 | info | root]: Train Loss : 0.0333461
[2021-12-20 04:54:33 | info | root]: Test Loss : 0.036433548
[2021-12-20 04:54:43 | info | root]: Epoch : 47
[2021-12-20 04:54:43 | info | root]: Train Loss : 0.03307686
[2021-12-20 04:54:43 | info | root]: Test Loss : 0.03556033
[2021-12-20 04:54:54 | info | root]: Epoch : 48
[2021-12-20 04:54:54 | info | root]: Train Loss : 0.032526657
[2021-12-20 04:54:54 | info | root]: Test Loss : 0.03547524
[2021-12-20 04:54:59 | info | root]: Epoch : 49
[2021-12-20 04:54:59 | info | root]: Train Loss : 0.030349689
[2021-12-20 04:54:59 | info | root]: Test Loss : 0.033448946
[2021-12-20 04:55:07 | info | root]: Epoch : 50
[2021-12-20 04:55:07 | info | root]: Train Loss : 0.028880231
[2021-12-20 04:55:07 | info | root]: Test Loss : 0.031905618
[2021-12-20 04:55:18 | info | root]: Epoch : 51
[2021-12-20 04:55:18 | info | root]: Train Loss : 0.028476639
[2021-12-20 04:55:18 | info | root]: Test Loss : 0.031535354
[2021-12-20 04:55:28 | info | root]: Epoch : 52
[2021-12-20 04:55:28 | info | root]: Train Loss : 0.027553417
[2021-12-20 04:55:28 | info | root]: Test Loss : 0.03068598
[2021-12-20 04:55:39 | info | root]: Epoch : 53
[2021-12-20 04:55:39 | info | root]: Train Loss : 0.027510783
[2021-12-20 04:55:39 | info | root]: Test Loss : 0.030667175
[2021-12-20 04:55:44 | info | root]: Epoch : 54
[2021-12-20 04:55:44 | info | root]: Train Loss : 0.027202956
[2021-12-20 04:55:44 | info | root]: Test Loss : 0.030330228
[2021-12-20 04:55:49 | info | root]: Epoch : 55
[2021-12-20 04:55:49 | info | root]: Train Loss : 0.026924444
[2021-12-20 04:55:49 | info | root]: Test Loss : 0.029962204
[2021-12-20 04:55:58 | info | root]: Epoch : 56
[2021-12-20 04:55:58 | info | root]: Train Loss : 0.026559155
[2021-12-20 04:55:58 | info | root]: Test Loss : 0.029682996
[2021-12-20 04:56:08 | info | root]: Epoch : 57
[2021-12-20 04:56:08 | info | root]: Train Loss : 0.026495576
[2021-12-20 04:56:08 | info | root]: Test Loss : 0.029640239
[2021-12-20 04:56:19 | info | root]: Epoch : 58
[2021-12-20 04:56:19 | info | root]: Train Loss : 0.026177978
[2021-12-20 04:56:19 | info | root]: Test Loss : 0.029290393
[2021-12-20 04:56:24 | info | root]: Epoch : 59
[2021-12-20 04:56:24 | info | root]: Train Loss : 0.026267584
[2021-12-20 04:56:24 | info | root]: Test Loss : 0.029257573
[2021-12-20 04:56:30 | info | root]: Epoch : 60
[2021-12-20 04:56:30 | info | root]: Train Loss : 0.02552633
[2021-12-20 04:56:30 | info | root]: Test Loss : 0.028601091
[2021-12-20 04:56:36 | info | root]: Epoch : 61
[2021-12-20 04:56:36 | info | root]: Train Loss : 0.025254669
[2021-12-20 04:56:36 | info | root]: Test Loss : 0.028388025
[2021-12-20 04:56:46 | info | root]: Epoch : 62
[2021-12-20 04:56:46 | info | root]: Train Loss : 0.02586902
[2021-12-20 04:56:46 | info | root]: Test Loss : 0.02914672
[2021-12-20 04:56:56 | info | root]: Epoch : 63
[2021-12-20 04:56:56 | info | root]: Train Loss : 0.024989236
[2021-12-20 04:56:56 | info | root]: Test Loss : 0.028079052
[2021-12-20 04:57:07 | info | root]: Epoch : 64
[2021-12-20 04:57:07 | info | root]: Train Loss : 0.024830172
[2021-12-20 04:57:07 | info | root]: Test Loss : 0.027855031
[2021-12-20 04:57:13 | info | root]: Epoch : 65
[2021-12-20 04:57:13 | info | root]: Train Loss : 0.024704752
[2021-12-20 04:57:13 | info | root]: Test Loss : 0.0277938
[2021-12-20 04:57:18 | info | root]: Epoch : 66
[2021-12-20 04:57:18 | info | root]: Train Loss : 0.024923345
[2021-12-20 04:57:18 | info | root]: Test Loss : 0.028049022
[2021-12-20 04:57:28 | info | root]: Epoch : 67
[2021-12-20 04:57:28 | info | root]: Train Loss : 0.024411313
[2021-12-20 04:57:28 | info | root]: Test Loss : 0.027403174
[2021-12-20 04:57:37 | info | root]: Epoch : 68
[2021-12-20 04:57:37 | info | root]: Train Loss : 0.028647274
[2021-12-20 04:57:37 | info | root]: Test Loss : 0.031898163
[2021-12-20 04:57:49 | info | root]: Epoch : 69
[2021-12-20 04:57:49 | info | root]: Train Loss : 0.025015155
[2021-12-20 04:57:49 | info | root]: Test Loss : 0.027953282
[2021-12-20 04:57:54 | info | root]: Epoch : 70
[2021-12-20 04:57:54 | info | root]: Train Loss : 0.023677671
[2021-12-20 04:57:54 | info | root]: Test Loss : 0.026744138
[2021-12-20 04:57:59 | info | root]: Epoch : 71
[2021-12-20 04:57:59 | info | root]: Train Loss : 0.02450416
[2021-12-20 04:57:59 | info | root]: Test Loss : 0.027399959
[2021-12-20 04:58:05 | info | root]: Epoch : 72
[2021-12-20 04:58:05 | info | root]: Train Loss : 0.02325348
[2021-12-20 04:58:05 | info | root]: Test Loss : 0.02635713
[2021-12-20 04:58:15 | info | root]: Epoch : 73
[2021-12-20 04:58:15 | info | root]: Train Loss : 0.023572095
[2021-12-20 04:58:15 | info | root]: Test Loss : 0.026768588
[2021-12-20 04:58:25 | info | root]: Epoch : 74
[2021-12-20 04:58:25 | info | root]: Train Loss : 0.02265192
[2021-12-20 04:58:25 | info | root]: Test Loss : 0.02569422
[2021-12-20 04:58:35 | info | root]: Epoch : 75
[2021-12-20 04:58:35 | info | root]: Train Loss : 0.022622986
[2021-12-20 04:58:35 | info | root]: Test Loss : 0.025470462
[2021-12-20 04:58:42 | info | root]: Epoch : 76
[2021-12-20 04:58:42 | info | root]: Train Loss : 0.022595128
[2021-12-20 04:58:42 | info | root]: Test Loss : 0.025523689
[2021-12-20 04:58:48 | info | root]: Epoch : 77
[2021-12-20 04:58:48 | info | root]: Train Loss : 0.023108013
[2021-12-20 04:58:48 | info | root]: Test Loss : 0.026197126
[2021-12-20 04:58:57 | info | root]: Epoch : 78
[2021-12-20 04:58:57 | info | root]: Train Loss : 0.02267155
[2021-12-20 04:58:57 | info | root]: Test Loss : 0.025486207
[2021-12-20 04:59:07 | info | root]: Epoch : 79
[2021-12-20 04:59:07 | info | root]: Train Loss : 0.021867268
[2021-12-20 04:59:07 | info | root]: Test Loss : 0.025134712
[2021-12-20 04:59:26 | info | root]: Epoch : 80
[2021-12-20 04:59:26 | info | root]: Train Loss : 0.021921529
[2021-12-20 04:59:26 | info | root]: Test Loss : 0.02505049
[2021-12-20 04:59:37 | info | root]: Epoch : 81
[2021-12-20 04:59:37 | info | root]: Train Loss : 0.021579143
[2021-12-20 04:59:37 | info | root]: Test Loss : 0.024522908
[2021-12-20 04:59:41 | info | root]: Epoch : 82
[2021-12-20 04:59:41 | info | root]: Train Loss : 0.021757903
[2021-12-20 04:59:41 | info | root]: Test Loss : 0.025091019
[2021-12-20 04:59:46 | info | root]: Epoch : 83
[2021-12-20 04:59:46 | info | root]: Train Loss : 0.02092184
[2021-12-20 04:59:46 | info | root]: Test Loss : 0.023901569
[2021-12-20 04:59:52 | info | root]: Epoch : 84
[2021-12-20 04:59:52 | info | root]: Train Loss : 0.021438252
[2021-12-20 04:59:52 | info | root]: Test Loss : 0.024594087
[2021-12-20 05:00:02 | info | root]: Epoch : 85
[2021-12-20 05:00:02 | info | root]: Train Loss : 0.021498611
[2021-12-20 05:00:02 | info | root]: Test Loss : 0.024928054
[2021-12-20 05:00:12 | info | root]: Epoch : 86
[2021-12-20 05:00:12 | info | root]: Train Loss : 0.024465242
[2021-12-20 05:00:12 | info | root]: Test Loss : 0.027211621
[2021-12-20 05:00:25 | info | root]: Epoch : 87
[2021-12-20 05:00:25 | info | root]: Train Loss : 0.02303452
[2021-12-20 05:00:25 | info | root]: Test Loss : 0.025954142
[2021-12-20 05:00:30 | info | root]: Epoch : 88
[2021-12-20 05:00:30 | info | root]: Train Loss : 0.02190385
[2021-12-20 05:00:30 | info | root]: Test Loss : 0.024771214
[2021-12-20 05:00:37 | info | root]: Epoch : 89
[2021-12-20 05:00:37 | info | root]: Train Loss : 0.020926341
[2021-12-20 05:00:37 | info | root]: Test Loss : 0.023742598
[2021-12-20 05:00:45 | info | root]: Epoch : 90
[2021-12-20 05:00:45 | info | root]: Train Loss : 0.020443402
[2021-12-20 05:00:45 | info | root]: Test Loss : 0.02349703
[2021-12-20 05:00:57 | info | root]: Epoch : 91
[2021-12-20 05:00:57 | info | root]: Train Loss : 0.020124586
[2021-12-20 05:00:57 | info | root]: Test Loss : 0.023353584
[2021-12-20 05:01:07 | info | root]: Epoch : 92
[2021-12-20 05:01:07 | info | root]: Train Loss : 0.020145157
[2021-12-20 05:01:07 | info | root]: Test Loss : 0.023376111
[2021-12-20 05:01:12 | info | root]: Epoch : 93
[2021-12-20 05:01:12 | info | root]: Train Loss : 0.020335201
[2021-12-20 05:01:12 | info | root]: Test Loss : 0.023342501
[2021-12-20 05:01:18 | info | root]: Epoch : 94
[2021-12-20 05:01:18 | info | root]: Train Loss : 0.020190278
[2021-12-20 05:01:18 | info | root]: Test Loss : 0.023307974
[2021-12-20 05:01:26 | info | root]: Epoch : 95
[2021-12-20 05:01:26 | info | root]: Train Loss : 0.01949025
[2021-12-20 05:01:26 | info | root]: Test Loss : 0.022404995
[2021-12-20 05:01:36 | info | root]: Epoch : 96
[2021-12-20 05:01:36 | info | root]: Train Loss : 0.01950998
[2021-12-20 05:01:36 | info | root]: Test Loss : 0.022773474
[2021-12-20 05:01:47 | info | root]: Epoch : 97
[2021-12-20 05:01:47 | info | root]: Train Loss : 0.01916081
[2021-12-20 05:01:47 | info | root]: Test Loss : 0.02241982
[2021-12-20 05:01:53 | info | root]: Epoch : 98
[2021-12-20 05:01:53 | info | root]: Train Loss : 0.01901419
[2021-12-20 05:01:53 | info | root]: Test Loss : 0.022379924
[2021-12-20 05:01:58 | info | root]: Epoch : 99
[2021-12-20 05:01:58 | info | root]: Train Loss : 0.01925623
[2021-12-20 05:01:58 | info | root]: Test Loss : 0.022416368
[2021-12-20 05:02:07 | info | root]: Epoch : 100
[2021-12-20 05:02:07 | info | root]: Train Loss : 0.019011982
[2021-12-20 05:02:07 | info | root]: Test Loss : 0.022157509
[2021-12-20 05:02:17 | info | root]: Epoch : 101
[2021-12-20 05:02:17 | info | root]: Train Loss : 0.018963465
[2021-12-20 05:02:17 | info | root]: Test Loss : 0.022261899
[2021-12-20 05:02:28 | info | root]: Epoch : 102
[2021-12-20 05:02:28 | info | root]: Train Loss : 0.01954321
[2021-12-20 05:02:28 | info | root]: Test Loss : 0.022736054
[2021-12-20 05:02:33 | info | root]: Epoch : 103
[2021-12-20 05:02:33 | info | root]: Train Loss : 0.02007093
[2021-12-20 05:02:33 | info | root]: Test Loss : 0.023190415
[2021-12-20 05:02:39 | info | root]: Epoch : 104
[2021-12-20 05:02:39 | info | root]: Train Loss : 0.018455785
[2021-12-20 05:02:39 | info | root]: Test Loss : 0.021544788
[2021-12-20 05:02:47 | info | root]: Epoch : 105
[2021-12-20 05:02:47 | info | root]: Train Loss : 0.018748842
[2021-12-20 05:02:47 | info | root]: Test Loss : 0.021889182
[2021-12-20 05:02:57 | info | root]: Epoch : 106
[2021-12-20 05:02:57 | info | root]: Train Loss : 0.018684227
[2021-12-20 05:02:57 | info | root]: Test Loss : 0.02202976
[2021-12-20 05:03:07 | info | root]: Epoch : 107
[2021-12-20 05:03:07 | info | root]: Train Loss : 0.01797734
[2021-12-20 05:03:07 | info | root]: Test Loss : 0.021210141
[2021-12-20 05:03:12 | info | root]: Epoch : 108
[2021-12-20 05:03:12 | info | root]: Train Loss : 0.018122438
[2021-12-20 05:03:12 | info | root]: Test Loss : 0.021139838
[2021-12-20 05:03:18 | info | root]: Epoch : 109
[2021-12-20 05:03:18 | info | root]: Train Loss : 0.018152582
[2021-12-20 05:03:18 | info | root]: Test Loss : 0.02157396
[2021-12-20 05:03:27 | info | root]: Epoch : 110
[2021-12-20 05:03:27 | info | root]: Train Loss : 0.018929847
[2021-12-20 05:03:27 | info | root]: Test Loss : 0.0220785
[2021-12-20 05:03:37 | info | root]: Epoch : 111
[2021-12-20 05:03:37 | info | root]: Train Loss : 0.017821368
[2021-12-20 05:03:37 | info | root]: Test Loss : 0.021035338
[2021-12-20 05:03:47 | info | root]: Epoch : 112
[2021-12-20 05:03:47 | info | root]: Train Loss : 0.017648816
[2021-12-20 05:03:47 | info | root]: Test Loss : 0.020857941
[2021-12-20 05:03:52 | info | root]: Epoch : 113
[2021-12-20 05:03:52 | info | root]: Train Loss : 0.017749734
[2021-12-20 05:03:52 | info | root]: Test Loss : 0.020974252
[2021-12-20 05:03:57 | info | root]: Epoch : 114
[2021-12-20 05:03:57 | info | root]: Train Loss : 0.017389849
[2021-12-20 05:03:57 | info | root]: Test Loss : 0.020658351
[2021-12-20 05:04:06 | info | root]: Epoch : 115
[2021-12-20 05:04:06 | info | root]: Train Loss : 0.017505238
[2021-12-20 05:04:06 | info | root]: Test Loss : 0.020783529
[2021-12-20 05:04:16 | info | root]: Epoch : 116
[2021-12-20 05:04:16 | info | root]: Train Loss : 0.019139253
[2021-12-20 05:04:16 | info | root]: Test Loss : 0.022139147
[2021-12-20 05:04:27 | info | root]: Epoch : 117
[2021-12-20 05:04:27 | info | root]: Train Loss : 0.018355269
[2021-12-20 05:04:27 | info | root]: Test Loss : 0.021722682
[2021-12-20 05:04:32 | info | root]: Epoch : 118
[2021-12-20 05:04:32 | info | root]: Train Loss : 0.017722376
[2021-12-20 05:04:32 | info | root]: Test Loss : 0.021011291
[2021-12-20 05:04:39 | info | root]: Epoch : 119
[2021-12-20 05:04:39 | info | root]: Train Loss : 0.017048838
[2021-12-20 05:04:39 | info | root]: Test Loss : 0.02025089
[2021-12-20 05:04:47 | info | root]: Epoch : 120
[2021-12-20 05:04:47 | info | root]: Train Loss : 0.017608266
[2021-12-20 05:04:47 | info | root]: Test Loss : 0.020522332
[2021-12-20 05:04:57 | info | root]: Epoch : 121
[2021-12-20 05:04:57 | info | root]: Train Loss : 0.017985668
[2021-12-20 05:04:57 | info | root]: Test Loss : 0.021494538
[2021-12-20 05:05:08 | info | root]: Epoch : 122
[2021-12-20 05:05:08 | info | root]: Train Loss : 0.017712653
[2021-12-20 05:05:08 | info | root]: Test Loss : 0.02084281
[2021-12-20 05:05:13 | info | root]: Epoch : 123
[2021-12-20 05:05:13 | info | root]: Train Loss : 0.01755196
[2021-12-20 05:05:13 | info | root]: Test Loss : 0.0209952
[2021-12-20 05:05:20 | info | root]: Epoch : 124
[2021-12-20 05:05:20 | info | root]: Train Loss : 0.017810028
[2021-12-20 05:05:20 | info | root]: Test Loss : 0.020980395
[2021-12-20 05:05:28 | info | root]: Epoch : 125
[2021-12-20 05:05:28 | info | root]: Train Loss : 0.017651163
[2021-12-20 05:05:28 | info | root]: Test Loss : 0.020537019
[2021-12-20 05:05:38 | info | root]: Epoch : 126
[2021-12-20 05:05:38 | info | root]: Train Loss : 0.032040637
[2021-12-20 05:05:38 | info | root]: Test Loss : 0.035057224
[2021-12-20 05:05:49 | info | root]: Epoch : 127
[2021-12-20 05:05:49 | info | root]: Train Loss : 0.022775946
[2021-12-20 05:05:49 | info | root]: Test Loss : 0.025479123
[2021-12-20 05:05:54 | info | root]: Epoch : 128
[2021-12-20 05:05:54 | info | root]: Train Loss : 0.020212797
[2021-12-20 05:05:54 | info | root]: Test Loss : 0.023101274
[2021-12-20 05:05:59 | info | root]: Epoch : 129
[2021-12-20 05:05:59 | info | root]: Train Loss : 0.018083582
[2021-12-20 05:05:59 | info | root]: Test Loss : 0.021008682
[2021-12-20 05:06:08 | info | root]: Epoch : 130
[2021-12-20 05:06:08 | info | root]: Train Loss : 0.017113034
[2021-12-20 05:06:08 | info | root]: Test Loss : 0.020310156
[2021-12-20 05:06:18 | info | root]: Epoch : 131
[2021-12-20 05:06:18 | info | root]: Train Loss : 0.016839605
[2021-12-20 05:06:18 | info | root]: Test Loss : 0.01969851
[2021-12-20 05:06:28 | info | root]: Epoch : 132
[2021-12-20 05:06:28 | info | root]: Train Loss : 0.016978819
[2021-12-20 05:06:28 | info | root]: Test Loss : 0.019764734
[2021-12-20 05:06:33 | info | root]: Epoch : 133
[2021-12-20 05:06:33 | info | root]: Train Loss : 0.016625777
[2021-12-20 05:06:33 | info | root]: Test Loss : 0.019708157
[2021-12-20 05:06:40 | info | root]: Epoch : 134
[2021-12-20 05:06:40 | info | root]: Train Loss : 0.0174552
[2021-12-20 05:06:40 | info | root]: Test Loss : 0.020779166
[2021-12-20 05:06:50 | info | root]: Epoch : 135
[2021-12-20 05:06:50 | info | root]: Train Loss : 0.016722215
[2021-12-20 05:06:50 | info | root]: Test Loss : 0.020046692
[2021-12-20 05:07:01 | info | root]: Epoch : 136
[2021-12-20 05:07:01 | info | root]: Train Loss : 0.016114851
[2021-12-20 05:07:01 | info | root]: Test Loss : 0.019475084
[2021-12-20 05:07:11 | info | root]: Epoch : 137
[2021-12-20 05:07:11 | info | root]: Train Loss : 0.015817698
[2021-12-20 05:07:11 | info | root]: Test Loss : 0.019347426
[2021-12-20 05:07:17 | info | root]: Epoch : 138
[2021-12-20 05:07:17 | info | root]: Train Loss : 0.016378717
[2021-12-20 05:07:17 | info | root]: Test Loss : 0.019756863
[2021-12-20 05:07:24 | info | root]: Epoch : 139
[2021-12-20 05:07:24 | info | root]: Train Loss : 0.016630398
[2021-12-20 05:07:24 | info | root]: Test Loss : 0.019752694
[2021-12-20 05:07:33 | info | root]: Epoch : 140
[2021-12-20 05:07:33 | info | root]: Train Loss : 0.026330356
[2021-12-20 05:07:33 | info | root]: Test Loss : 0.028707886
[2021-12-20 05:07:43 | info | root]: Epoch : 141
[2021-12-20 05:07:43 | info | root]: Train Loss : 0.03304057
[2021-12-20 05:07:43 | info | root]: Test Loss : 0.035707075
[2021-12-20 05:07:54 | info | root]: Epoch : 142
[2021-12-20 05:07:54 | info | root]: Train Loss : 0.027512714
[2021-12-20 05:07:54 | info | root]: Test Loss : 0.030283885
[2021-12-20 05:08:00 | info | root]: Epoch : 143
[2021-12-20 05:08:00 | info | root]: Train Loss : 0.024711568
[2021-12-20 05:08:00 | info | root]: Test Loss : 0.027790673
[2021-12-20 05:08:05 | info | root]: Epoch : 144
[2021-12-20 05:08:05 | info | root]: Train Loss : 0.023768023
[2021-12-20 05:08:05 | info | root]: Test Loss : 0.026788088
[2021-12-20 05:08:12 | info | root]: Epoch : 145
[2021-12-20 05:08:12 | info | root]: Train Loss : 0.023219109
[2021-12-20 05:08:12 | info | root]: Test Loss : 0.02622441
[2021-12-20 05:08:23 | info | root]: Epoch : 146
[2021-12-20 05:08:23 | info | root]: Train Loss : 0.022046631
[2021-12-20 05:08:23 | info | root]: Test Loss : 0.025054732
[2021-12-20 05:08:34 | info | root]: Epoch : 147
[2021-12-20 05:08:34 | info | root]: Train Loss : 0.021020824
[2021-12-20 05:08:34 | info | root]: Test Loss : 0.023933738
[2021-12-20 05:08:39 | info | root]: Epoch : 148
[2021-12-20 05:08:39 | info | root]: Train Loss : 0.020293493
[2021-12-20 05:08:39 | info | root]: Test Loss : 0.023107015
[2021-12-20 05:08:44 | info | root]: Epoch : 149
[2021-12-20 05:08:44 | info | root]: Train Loss : 0.020883907
[2021-12-20 05:08:44 | info | root]: Test Loss : 0.023726443
[2021-12-20 05:08:53 | info | root]: Epoch : 150
[2021-12-20 05:08:53 | info | root]: Train Loss : 0.020280479
[2021-12-20 05:08:53 | info | root]: Test Loss : 0.023631688
[2021-12-20 05:09:03 | info | root]: Epoch : 151
[2021-12-20 05:09:03 | info | root]: Train Loss : 0.019284884
[2021-12-20 05:09:03 | info | root]: Test Loss : 0.022138985
[2021-12-20 05:09:15 | info | root]: Epoch : 152
[2021-12-20 05:09:15 | info | root]: Train Loss : 0.018852642
[2021-12-20 05:09:15 | info | root]: Test Loss : 0.021503668
[2021-12-20 05:09:20 | info | root]: Epoch : 153
[2021-12-20 05:09:20 | info | root]: Train Loss : 0.01878251
[2021-12-20 05:09:20 | info | root]: Test Loss : 0.021686293
[2021-12-20 05:09:25 | info | root]: Epoch : 154
[2021-12-20 05:09:25 | info | root]: Train Loss : 0.01847231
[2021-12-20 05:09:25 | info | root]: Test Loss : 0.021417432
[2021-12-20 05:09:34 | info | root]: Epoch : 155
[2021-12-20 05:09:34 | info | root]: Train Loss : 0.018212589
[2021-12-20 05:09:34 | info | root]: Test Loss : 0.021156322
[2021-12-20 05:09:46 | info | root]: Epoch : 156
[2021-12-20 05:09:46 | info | root]: Train Loss : 0.019401575
[2021-12-20 05:09:46 | info | root]: Test Loss : 0.022402313
[2021-12-20 05:09:57 | info | root]: Epoch : 157
[2021-12-20 05:09:57 | info | root]: Train Loss : 0.018870607
[2021-12-20 05:09:57 | info | root]: Test Loss : 0.02204509
[2021-12-20 05:10:02 | info | root]: Epoch : 158
[2021-12-20 05:10:02 | info | root]: Train Loss : 0.018807353
[2021-12-20 05:10:02 | info | root]: Test Loss : 0.021846721
[2021-12-20 05:10:07 | info | root]: Epoch : 159
[2021-12-20 05:10:07 | info | root]: Train Loss : 0.018437171
[2021-12-20 05:10:07 | info | root]: Test Loss : 0.02136342
[2021-12-20 05:10:17 | info | root]: Epoch : 160
[2021-12-20 05:10:17 | info | root]: Train Loss : 0.017478354
[2021-12-20 05:10:17 | info | root]: Test Loss : 0.020507243
[2021-12-20 05:10:28 | info | root]: Epoch : 161
[2021-12-20 05:10:28 | info | root]: Train Loss : 0.017344804
[2021-12-20 05:10:28 | info | root]: Test Loss : 0.020394186
[2021-12-20 05:10:39 | info | root]: Epoch : 162
[2021-12-20 05:10:39 | info | root]: Train Loss : 0.016854217
[2021-12-20 05:10:39 | info | root]: Test Loss : 0.019901529
[2021-12-20 05:10:44 | info | root]: Epoch : 163
[2021-12-20 05:10:44 | info | root]: Train Loss : 0.016929694
[2021-12-20 05:10:44 | info | root]: Test Loss : 0.019868262
[2021-12-20 05:10:50 | info | root]: Epoch : 164
[2021-12-20 05:10:50 | info | root]: Train Loss : 0.017304562
[2021-12-20 05:10:50 | info | root]: Test Loss : 0.020425422
[2021-12-20 05:10:59 | info | root]: Epoch : 165
[2021-12-20 05:10:59 | info | root]: Train Loss : 0.017183397
[2021-12-20 05:10:59 | info | root]: Test Loss : 0.020472616
[2021-12-20 05:11:09 | info | root]: Epoch : 166
[2021-12-20 05:11:09 | info | root]: Train Loss : 0.016478779
[2021-12-20 05:11:09 | info | root]: Test Loss : 0.0194714
[2021-12-20 05:11:21 | info | root]: Epoch : 167
[2021-12-20 05:11:21 | info | root]: Train Loss : 0.016499782
[2021-12-20 05:11:21 | info | root]: Test Loss : 0.019541778
[2021-12-20 05:11:26 | info | root]: Epoch : 168
[2021-12-20 05:11:26 | info | root]: Train Loss : 0.017394802
[2021-12-20 05:11:26 | info | root]: Test Loss : 0.020070128
[2021-12-20 05:11:31 | info | root]: Epoch : 169
[2021-12-20 05:11:31 | info | root]: Train Loss : 0.016594985
[2021-12-20 05:11:31 | info | root]: Test Loss : 0.019624887
[2021-12-20 05:11:40 | info | root]: Epoch : 170
[2021-12-20 05:11:40 | info | root]: Train Loss : 0.01643383
[2021-12-20 05:11:40 | info | root]: Test Loss : 0.019526169
[2021-12-20 05:11:49 | info | root]: Epoch : 171
[2021-12-20 05:11:49 | info | root]: Train Loss : 0.01674373
[2021-12-20 05:11:49 | info | root]: Test Loss : 0.019663848
[2021-12-20 05:11:59 | info | root]: Epoch : 172
[2021-12-20 05:11:59 | info | root]: Train Loss : 0.016216505
[2021-12-20 05:11:59 | info | root]: Test Loss : 0.019215446
[2021-12-20 05:12:10 | info | root]: Epoch : 173
[2021-12-20 05:12:10 | info | root]: Train Loss : 0.016064696
[2021-12-20 05:12:10 | info | root]: Test Loss : 0.01904279
[2021-12-20 05:12:15 | info | root]: Epoch : 174
[2021-12-20 05:12:15 | info | root]: Train Loss : 0.015660627
[2021-12-20 05:12:15 | info | root]: Test Loss : 0.018571436
[2021-12-20 05:12:21 | info | root]: Epoch : 175
[2021-12-20 05:12:21 | info | root]: Train Loss : 0.015330749
[2021-12-20 05:12:21 | info | root]: Test Loss : 0.018301355
[2021-12-20 05:12:31 | info | root]: Epoch : 176
[2021-12-20 05:12:31 | info | root]: Train Loss : 0.01518425
[2021-12-20 05:12:31 | info | root]: Test Loss : 0.01827709
[2021-12-20 05:12:41 | info | root]: Epoch : 177
[2021-12-20 05:12:41 | info | root]: Train Loss : 0.015794255
[2021-12-20 05:12:41 | info | root]: Test Loss : 0.018698027
[2021-12-20 05:12:51 | info | root]: Epoch : 178
[2021-12-20 05:12:51 | info | root]: Train Loss : 0.014831703
[2021-12-20 05:12:51 | info | root]: Test Loss : 0.017993324
[2021-12-20 05:12:56 | info | root]: Epoch : 179
[2021-12-20 05:12:56 | info | root]: Train Loss : 0.014911168
[2021-12-20 05:12:56 | info | root]: Test Loss : 0.018004645
[2021-12-20 05:13:01 | info | root]: Epoch : 180
[2021-12-20 05:13:01 | info | root]: Train Loss : 0.016317243
[2021-12-20 05:13:01 | info | root]: Test Loss : 0.01926788
[2021-12-20 05:13:10 | info | root]: Epoch : 181
[2021-12-20 05:13:10 | info | root]: Train Loss : 0.034542497
[2021-12-20 05:13:10 | info | root]: Test Loss : 0.038010824
[2021-12-20 05:13:20 | info | root]: Epoch : 182
[2021-12-20 05:13:20 | info | root]: Train Loss : 0.021089004
[2021-12-20 05:13:20 | info | root]: Test Loss : 0.024277885
[2021-12-20 05:13:31 | info | root]: Epoch : 183
[2021-12-20 05:13:31 | info | root]: Train Loss : 0.01695604
[2021-12-20 05:13:31 | info | root]: Test Loss : 0.019842803
[2021-12-20 05:13:36 | info | root]: Epoch : 184
[2021-12-20 05:13:36 | info | root]: Train Loss : 0.016088776
[2021-12-20 05:13:36 | info | root]: Test Loss : 0.019046675
[2021-12-20 05:13:43 | info | root]: Epoch : 185
[2021-12-20 05:13:43 | info | root]: Train Loss : 0.015359272
[2021-12-20 05:13:43 | info | root]: Test Loss : 0.018398758
[2021-12-20 05:13:52 | info | root]: Epoch : 186
[2021-12-20 05:13:52 | info | root]: Train Loss : 0.015071607
[2021-12-20 05:13:52 | info | root]: Test Loss : 0.018251585
[2021-12-20 05:14:02 | info | root]: Epoch : 187
[2021-12-20 05:14:02 | info | root]: Train Loss : 0.014853282
[2021-12-20 05:14:02 | info | root]: Test Loss : 0.017835844
[2021-12-20 05:14:13 | info | root]: Epoch : 188
[2021-12-20 05:14:13 | info | root]: Train Loss : 0.015130649
[2021-12-20 05:14:13 | info | root]: Test Loss : 0.018137544
[2021-12-20 05:14:19 | info | root]: Epoch : 189
[2021-12-20 05:14:19 | info | root]: Train Loss : 0.014607664
[2021-12-20 05:14:19 | info | root]: Test Loss : 0.017496731
[2021-12-20 05:14:24 | info | root]: Epoch : 190
[2021-12-20 05:14:24 | info | root]: Train Loss : 0.014566641
[2021-12-20 05:14:24 | info | root]: Test Loss : 0.017622374
[2021-12-20 05:14:32 | info | root]: Epoch : 191
[2021-12-20 05:14:32 | info | root]: Train Loss : 0.014805704
[2021-12-20 05:14:32 | info | root]: Test Loss : 0.017733179
[2021-12-20 05:14:41 | info | root]: Epoch : 192
[2021-12-20 05:14:41 | info | root]: Train Loss : 0.014650633
[2021-12-20 05:14:41 | info | root]: Test Loss : 0.017509494
[2021-12-20 05:14:54 | info | root]: Epoch : 193
[2021-12-20 05:14:54 | info | root]: Train Loss : 0.014835956
[2021-12-20 05:14:54 | info | root]: Test Loss : 0.017984634
[2021-12-20 05:14:59 | info | root]: Epoch : 194
[2021-12-20 05:14:59 | info | root]: Train Loss : 0.014600713
[2021-12-20 05:14:59 | info | root]: Test Loss : 0.017662182
[2021-12-20 05:15:04 | info | root]: Epoch : 195
[2021-12-20 05:15:04 | info | root]: Train Loss : 0.014050823
[2021-12-20 05:15:04 | info | root]: Test Loss : 0.017068097
[2021-12-20 05:15:11 | info | root]: Epoch : 196
[2021-12-20 05:15:11 | info | root]: Train Loss : 0.014095613
[2021-12-20 05:15:11 | info | root]: Test Loss : 0.017291732
[2021-12-20 05:15:21 | info | root]: Epoch : 197
[2021-12-20 05:15:21 | info | root]: Train Loss : 0.0146878725
[2021-12-20 05:15:21 | info | root]: Test Loss : 0.017931938
[2021-12-20 05:15:33 | info | root]: Epoch : 198
[2021-12-20 05:15:33 | info | root]: Train Loss : 0.01479777
[2021-12-20 05:15:33 | info | root]: Test Loss : 0.018033838
[2021-12-20 05:15:38 | info | root]: Epoch : 199
[2021-12-20 05:15:38 | info | root]: Train Loss : 0.014266776
[2021-12-20 05:15:38 | info | root]: Test Loss : 0.017243704
[2021-12-20 05:15:44 | info | root]: Epoch : 200
[2021-12-20 05:15:44 | info | root]: Train Loss : 0.01399679
[2021-12-20 05:15:44 | info | root]: Test Loss : 0.017257176
[2021-12-20 05:15:52 | info | root]: Epoch : 201
[2021-12-20 05:15:52 | info | root]: Train Loss : 0.0139958095
[2021-12-20 05:15:52 | info | root]: Test Loss : 0.017281972
[2021-12-20 05:16:02 | info | root]: Epoch : 202
[2021-12-20 05:16:02 | info | root]: Train Loss : 0.0154172415
[2021-12-20 05:16:02 | info | root]: Test Loss : 0.018346751
[2021-12-20 05:16:12 | info | root]: Epoch : 203
[2021-12-20 05:16:12 | info | root]: Train Loss : 0.014235558
[2021-12-20 05:16:12 | info | root]: Test Loss : 0.017216755
[2021-12-20 05:16:18 | info | root]: Epoch : 204
[2021-12-20 05:16:18 | info | root]: Train Loss : 0.014606323
[2021-12-20 05:16:18 | info | root]: Test Loss : 0.017605282
[2021-12-20 05:16:23 | info | root]: Epoch : 205
[2021-12-20 05:16:23 | info | root]: Train Loss : 0.014170955
[2021-12-20 05:16:23 | info | root]: Test Loss : 0.017457513
[2021-12-20 05:16:32 | info | root]: Epoch : 206
[2021-12-20 05:16:32 | info | root]: Train Loss : 0.01392654
[2021-12-20 05:16:32 | info | root]: Test Loss : 0.017054455
[2021-12-20 05:16:42 | info | root]: Epoch : 207
[2021-12-20 05:16:42 | info | root]: Train Loss : 0.014652454
[2021-12-20 05:16:42 | info | root]: Test Loss : 0.017794766
[2021-12-20 05:16:57 | info | root]: Epoch : 208
[2021-12-20 05:16:57 | info | root]: Train Loss : 0.014324386
[2021-12-20 05:16:57 | info | root]: Test Loss : 0.017422952
[2021-12-20 05:17:09 | info | root]: Epoch : 209
[2021-12-20 05:17:09 | info | root]: Train Loss : 0.013465064
[2021-12-20 05:17:09 | info | root]: Test Loss : 0.016608845
[2021-12-20 05:17:14 | info | root]: Epoch : 210
[2021-12-20 05:17:14 | info | root]: Train Loss : 0.013215894
[2021-12-20 05:17:14 | info | root]: Test Loss : 0.01651774
[2021-12-20 05:17:20 | info | root]: Epoch : 211
[2021-12-20 05:17:20 | info | root]: Train Loss : 0.013278368
[2021-12-20 05:17:20 | info | root]: Test Loss : 0.016524758
[2021-12-20 05:17:30 | info | root]: Epoch : 212
[2021-12-20 05:17:30 | info | root]: Train Loss : 0.013656823
[2021-12-20 05:17:30 | info | root]: Test Loss : 0.01681511
[2021-12-20 05:17:40 | info | root]: Epoch : 213
[2021-12-20 05:17:40 | info | root]: Train Loss : 0.013532686
[2021-12-20 05:17:40 | info | root]: Test Loss : 0.016538631
[2021-12-20 05:17:51 | info | root]: Epoch : 214
[2021-12-20 05:17:51 | info | root]: Train Loss : 0.013479402
[2021-12-20 05:17:51 | info | root]: Test Loss : 0.016374297
[2021-12-20 05:17:56 | info | root]: Epoch : 215
[2021-12-20 05:17:56 | info | root]: Train Loss : 0.013527583
[2021-12-20 05:17:56 | info | root]: Test Loss : 0.016788002
[2021-12-20 05:18:01 | info | root]: Epoch : 216
[2021-12-20 05:18:01 | info | root]: Train Loss : 0.013118154
[2021-12-20 05:18:01 | info | root]: Test Loss : 0.016451625
[2021-12-20 05:18:10 | info | root]: Epoch : 217
[2021-12-20 05:18:10 | info | root]: Train Loss : 0.012725948
[2021-12-20 05:18:10 | info | root]: Test Loss : 0.015885167
[2021-12-20 05:18:20 | info | root]: Epoch : 218
[2021-12-20 05:18:20 | info | root]: Train Loss : 0.013284835
[2021-12-20 05:18:20 | info | root]: Test Loss : 0.01659403
[2021-12-20 05:18:31 | info | root]: Epoch : 219
[2021-12-20 05:18:31 | info | root]: Train Loss : 0.013570305
[2021-12-20 05:18:31 | info | root]: Test Loss : 0.0168573
[2021-12-20 05:18:36 | info | root]: Epoch : 220
[2021-12-20 05:18:36 | info | root]: Train Loss : 0.01411993
[2021-12-20 05:18:36 | info | root]: Test Loss : 0.017012594
[2021-12-20 05:18:41 | info | root]: Epoch : 221
[2021-12-20 05:18:41 | info | root]: Train Loss : 0.012962621
[2021-12-20 05:18:41 | info | root]: Test Loss : 0.016269103
[2021-12-20 05:18:50 | info | root]: Epoch : 222
[2021-12-20 05:18:50 | info | root]: Train Loss : 0.012945096
[2021-12-20 05:18:50 | info | root]: Test Loss : 0.016196985
[2021-12-20 05:19:00 | info | root]: Epoch : 223
[2021-12-20 05:19:00 | info | root]: Train Loss : 0.014165144
[2021-12-20 05:19:00 | info | root]: Test Loss : 0.017333271
[2021-12-20 05:19:11 | info | root]: Epoch : 224
[2021-12-20 05:19:11 | info | root]: Train Loss : 0.012788451
[2021-12-20 05:19:11 | info | root]: Test Loss : 0.016223606
[2021-12-20 05:19:18 | info | root]: Epoch : 225
[2021-12-20 05:19:18 | info | root]: Train Loss : 0.013282181
[2021-12-20 05:19:18 | info | root]: Test Loss : 0.016535502
[2021-12-20 05:19:24 | info | root]: Epoch : 226
[2021-12-20 05:19:24 | info | root]: Train Loss : 0.013673195
[2021-12-20 05:19:24 | info | root]: Test Loss : 0.01691974
[2021-12-20 05:19:33 | info | root]: Epoch : 227
[2021-12-20 05:19:33 | info | root]: Train Loss : 0.012602747
[2021-12-20 05:19:33 | info | root]: Test Loss : 0.015955769
[2021-12-20 05:19:42 | info | root]: Epoch : 228
[2021-12-20 05:19:42 | info | root]: Train Loss : 0.012731506
[2021-12-20 05:19:42 | info | root]: Test Loss : 0.016086303
[2021-12-20 05:19:53 | info | root]: Epoch : 229
[2021-12-20 05:19:53 | info | root]: Train Loss : 0.012725709
[2021-12-20 05:19:53 | info | root]: Test Loss : 0.016004076
[2021-12-20 05:19:58 | info | root]: Epoch : 230
[2021-12-20 05:19:58 | info | root]: Train Loss : 0.012708171
[2021-12-20 05:19:58 | info | root]: Test Loss : 0.01615413
[2021-12-20 05:20:03 | info | root]: Epoch : 231
[2021-12-20 05:20:03 | info | root]: Train Loss : 0.013381099
[2021-12-20 05:20:03 | info | root]: Test Loss : 0.016870443
[2021-12-20 05:20:12 | info | root]: Epoch : 232
[2021-12-20 05:20:12 | info | root]: Train Loss : 0.020287497
[2021-12-20 05:20:12 | info | root]: Test Loss : 0.023125801
[2021-12-20 05:20:22 | info | root]: Epoch : 233
[2021-12-20 05:20:22 | info | root]: Train Loss : 0.024147095
[2021-12-20 05:20:22 | info | root]: Test Loss : 0.026702609
[2021-12-20 05:20:33 | info | root]: Epoch : 234
[2021-12-20 05:20:33 | info | root]: Train Loss : 0.019017894
[2021-12-20 05:20:33 | info | root]: Test Loss : 0.021996398
[2021-12-20 05:20:38 | info | root]: Epoch : 235
[2021-12-20 05:20:38 | info | root]: Train Loss : 0.015763126
[2021-12-20 05:20:38 | info | root]: Test Loss : 0.01858516
[2021-12-20 05:20:43 | info | root]: Epoch : 236
[2021-12-20 05:20:43 | info | root]: Train Loss : 0.014201894
[2021-12-20 05:20:43 | info | root]: Test Loss : 0.017293002
[2021-12-20 05:20:49 | info | root]: Epoch : 237
[2021-12-20 05:20:49 | info | root]: Train Loss : 0.013091524
[2021-12-20 05:20:49 | info | root]: Test Loss : 0.01631658
[2021-12-20 05:20:59 | info | root]: Epoch : 238
[2021-12-20 05:20:59 | info | root]: Train Loss : 0.012988772
[2021-12-20 05:20:59 | info | root]: Test Loss : 0.016096262
[2021-12-20 05:21:09 | info | root]: Epoch : 239
[2021-12-20 05:21:09 | info | root]: Train Loss : 0.012724511
[2021-12-20 05:21:09 | info | root]: Test Loss : 0.016077396
[2021-12-20 05:21:21 | info | root]: Epoch : 240
[2021-12-20 05:21:21 | info | root]: Train Loss : 0.012827979
[2021-12-20 05:21:21 | info | root]: Test Loss : 0.015960153
[2021-12-20 05:21:26 | info | root]: Epoch : 241
[2021-12-20 05:21:26 | info | root]: Train Loss : 0.013380214
[2021-12-20 05:21:26 | info | root]: Test Loss : 0.016487662
[2021-12-20 05:21:31 | info | root]: Epoch : 242
[2021-12-20 05:21:31 | info | root]: Train Loss : 0.012215823
[2021-12-20 05:21:31 | info | root]: Test Loss : 0.015573046
[2021-12-20 05:21:41 | info | root]: Epoch : 243
[2021-12-20 05:21:41 | info | root]: Train Loss : 0.012389571
[2021-12-20 05:21:41 | info | root]: Test Loss : 0.015879733
[2021-12-20 05:21:51 | info | root]: Epoch : 244
[2021-12-20 05:21:51 | info | root]: Train Loss : 0.01228876
[2021-12-20 05:21:51 | info | root]: Test Loss : 0.015669586
[2021-12-20 05:22:02 | info | root]: Epoch : 245
[2021-12-20 05:22:02 | info | root]: Train Loss : 0.01234577
[2021-12-20 05:22:02 | info | root]: Test Loss : 0.015612399
[2021-12-20 05:22:07 | info | root]: Epoch : 246
[2021-12-20 05:22:07 | info | root]: Train Loss : 0.01329135
[2021-12-20 05:22:07 | info | root]: Test Loss : 0.016903043
[2021-12-20 05:22:12 | info | root]: Epoch : 247
[2021-12-20 05:22:12 | info | root]: Train Loss : 0.0123295
[2021-12-20 05:22:12 | info | root]: Test Loss : 0.015693475
[2021-12-20 05:22:21 | info | root]: Epoch : 248
[2021-12-20 05:22:21 | info | root]: Train Loss : 0.011831809
[2021-12-20 05:22:21 | info | root]: Test Loss : 0.0153246075
[2021-12-20 05:22:32 | info | root]: Epoch : 249
[2021-12-20 05:22:32 | info | root]: Train Loss : 0.012114136
[2021-12-20 05:22:32 | info | root]: Test Loss : 0.015383939
[2021-12-20 05:22:43 | info | root]: Epoch : 250
[2021-12-20 05:22:43 | info | root]: Train Loss : 0.011746429
[2021-12-20 05:22:43 | info | root]: Test Loss : 0.015196461
[2021-12-20 05:22:48 | info | root]: Epoch : 251
[2021-12-20 05:22:48 | info | root]: Train Loss : 0.012048846
[2021-12-20 05:22:48 | info | root]: Test Loss : 0.015540593
[2021-12-20 05:22:54 | info | root]: Epoch : 252
[2021-12-20 05:22:54 | info | root]: Train Loss : 0.011848213
[2021-12-20 05:22:54 | info | root]: Test Loss : 0.015126006
[2021-12-20 05:23:03 | info | root]: Epoch : 253
[2021-12-20 05:23:03 | info | root]: Train Loss : 0.012550722
[2021-12-20 05:23:03 | info | root]: Test Loss : 0.016037734
[2021-12-20 05:23:12 | info | root]: Epoch : 254
[2021-12-20 05:23:12 | info | root]: Train Loss : 0.0120540215
[2021-12-20 05:23:12 | info | root]: Test Loss : 0.015255567
[2021-12-20 05:23:23 | info | root]: Epoch : 255
[2021-12-20 05:23:23 | info | root]: Train Loss : 0.012676154
[2021-12-20 05:23:23 | info | root]: Test Loss : 0.01631062
[2021-12-20 05:23:30 | info | root]: Epoch : 256
[2021-12-20 05:23:30 | info | root]: Train Loss : 0.012493339
[2021-12-20 05:23:30 | info | root]: Test Loss : 0.015871271
[2021-12-20 05:23:35 | info | root]: Epoch : 257
[2021-12-20 05:23:35 | info | root]: Train Loss : 0.011695818
[2021-12-20 05:23:35 | info | root]: Test Loss : 0.015093119
[2021-12-20 05:23:42 | info | root]: Epoch : 258
[2021-12-20 05:23:42 | info | root]: Train Loss : 0.012060478
[2021-12-20 05:23:42 | info | root]: Test Loss : 0.015517451
[2021-12-20 05:23:52 | info | root]: Epoch : 259
[2021-12-20 05:23:52 | info | root]: Train Loss : 0.012388098
[2021-12-20 05:23:52 | info | root]: Test Loss : 0.015640805
[2021-12-20 05:24:03 | info | root]: Epoch : 260
[2021-12-20 05:24:03 | info | root]: Train Loss : 0.012112
[2021-12-20 05:24:03 | info | root]: Test Loss : 0.015474234
[2021-12-20 05:24:08 | info | root]: Epoch : 261
[2021-12-20 05:24:08 | info | root]: Train Loss : 0.011314572
[2021-12-20 05:24:08 | info | root]: Test Loss : 0.014801862
[2021-12-20 05:24:17 | info | root]: Epoch : 262
[2021-12-20 05:24:17 | info | root]: Train Loss : 0.0114800595
[2021-12-20 05:24:17 | info | root]: Test Loss : 0.0147064235
[2021-12-20 05:24:26 | info | root]: Epoch : 263
[2021-12-20 05:24:26 | info | root]: Train Loss : 0.011498421
[2021-12-20 05:24:26 | info | root]: Test Loss : 0.014961834
[2021-12-20 05:24:36 | info | root]: Epoch : 264
[2021-12-20 05:24:36 | info | root]: Train Loss : 0.011857539
[2021-12-20 05:24:36 | info | root]: Test Loss : 0.01523253
[2021-12-20 05:24:47 | info | root]: Epoch : 265
[2021-12-20 05:24:47 | info | root]: Train Loss : 0.01191087
[2021-12-20 05:24:47 | info | root]: Test Loss : 0.01518566
[2021-12-20 05:24:52 | info | root]: Epoch : 266
[2021-12-20 05:24:52 | info | root]: Train Loss : 0.011746582
[2021-12-20 05:24:52 | info | root]: Test Loss : 0.015391556
[2021-12-20 05:24:57 | info | root]: Epoch : 267
[2021-12-20 05:24:57 | info | root]: Train Loss : 0.011680446
[2021-12-20 05:24:57 | info | root]: Test Loss : 0.01518479
[2021-12-20 05:25:07 | info | root]: Epoch : 268
[2021-12-20 05:25:07 | info | root]: Train Loss : 0.0110983765
[2021-12-20 05:25:07 | info | root]: Test Loss : 0.01463776
[2021-12-20 05:25:17 | info | root]: Epoch : 269
[2021-12-20 05:25:17 | info | root]: Train Loss : 0.011174738
[2021-12-20 05:25:17 | info | root]: Test Loss : 0.014742412
[2021-12-20 05:25:33 | info | root]: Epoch : 270
[2021-12-20 05:25:33 | info | root]: Train Loss : 0.011392035
[2021-12-20 05:25:33 | info | root]: Test Loss : 0.014720663
[2021-12-20 05:25:38 | info | root]: Epoch : 271
[2021-12-20 05:25:38 | info | root]: Train Loss : 0.012298081
[2021-12-20 05:25:38 | info | root]: Test Loss : 0.015837066
[2021-12-20 05:25:44 | info | root]: Epoch : 272
[2021-12-20 05:25:44 | info | root]: Train Loss : 0.012920865
[2021-12-20 05:25:44 | info | root]: Test Loss : 0.016238485
[2021-12-20 05:25:52 | info | root]: Epoch : 273
[2021-12-20 05:25:52 | info | root]: Train Loss : 0.01358123
[2021-12-20 05:25:52 | info | root]: Test Loss : 0.01694801
[2021-12-20 05:26:01 | info | root]: Epoch : 274
[2021-12-20 05:26:01 | info | root]: Train Loss : 0.01270034
[2021-12-20 05:26:01 | info | root]: Test Loss : 0.015686538
[2021-12-20 05:26:12 | info | root]: Epoch : 275
[2021-12-20 05:26:12 | info | root]: Train Loss : 0.014384646
[2021-12-20 05:26:12 | info | root]: Test Loss : 0.017760374
[2021-12-20 05:26:17 | info | root]: Epoch : 276
[2021-12-20 05:26:17 | info | root]: Train Loss : 0.0118996855
[2021-12-20 05:26:17 | info | root]: Test Loss : 0.015244289
[2021-12-20 05:26:22 | info | root]: Epoch : 277
[2021-12-20 05:26:22 | info | root]: Train Loss : 0.011364083
[2021-12-20 05:26:22 | info | root]: Test Loss : 0.0146414805
[2021-12-20 05:26:31 | info | root]: Epoch : 278
[2021-12-20 05:26:31 | info | root]: Train Loss : 0.011104158
[2021-12-20 05:26:31 | info | root]: Test Loss : 0.0146980975
[2021-12-20 05:26:40 | info | root]: Epoch : 279
[2021-12-20 05:26:40 | info | root]: Train Loss : 0.010834101
[2021-12-20 05:26:40 | info | root]: Test Loss : 0.014238581
[2021-12-20 05:26:52 | info | root]: Epoch : 280
[2021-12-20 05:26:52 | info | root]: Train Loss : 0.011160073
[2021-12-20 05:26:52 | info | root]: Test Loss : 0.01472579
[2021-12-20 05:26:57 | info | root]: Epoch : 281
[2021-12-20 05:26:57 | info | root]: Train Loss : 0.01083844
[2021-12-20 05:26:57 | info | root]: Test Loss : 0.014351251
[2021-12-20 05:27:02 | info | root]: Epoch : 282
[2021-12-20 05:27:02 | info | root]: Train Loss : 0.010761607
[2021-12-20 05:27:02 | info | root]: Test Loss : 0.014412478
[2021-12-20 05:27:09 | info | root]: Epoch : 283
[2021-12-20 05:27:09 | info | root]: Train Loss : 0.010746832
[2021-12-20 05:27:09 | info | root]: Test Loss : 0.014401614
[2021-12-20 05:27:19 | info | root]: Epoch : 284
[2021-12-20 05:27:19 | info | root]: Train Loss : 0.011260734
[2021-12-20 05:27:19 | info | root]: Test Loss : 0.014533555
[2021-12-20 05:27:30 | info | root]: Epoch : 285
[2021-12-20 05:27:30 | info | root]: Train Loss : 0.0110558225
[2021-12-20 05:27:30 | info | root]: Test Loss : 0.014606105
[2021-12-20 05:27:35 | info | root]: Epoch : 286
[2021-12-20 05:27:35 | info | root]: Train Loss : 0.010984189
[2021-12-20 05:27:35 | info | root]: Test Loss : 0.014781857
[2021-12-20 05:27:40 | info | root]: Epoch : 287
[2021-12-20 05:27:40 | info | root]: Train Loss : 0.010802196
[2021-12-20 05:27:40 | info | root]: Test Loss : 0.014260351
[2021-12-20 05:27:50 | info | root]: Epoch : 288
[2021-12-20 05:27:50 | info | root]: Train Loss : 0.01171862
[2021-12-20 05:27:50 | info | root]: Test Loss : 0.015486748
[2021-12-20 05:28:00 | info | root]: Epoch : 289
[2021-12-20 05:28:00 | info | root]: Train Loss : 0.011816507
[2021-12-20 05:28:00 | info | root]: Test Loss : 0.01526773
[2021-12-20 05:28:10 | info | root]: Epoch : 290
[2021-12-20 05:28:10 | info | root]: Train Loss : 0.011522944
[2021-12-20 05:28:10 | info | root]: Test Loss : 0.015324723
[2021-12-20 05:28:16 | info | root]: Epoch : 291
[2021-12-20 05:28:16 | info | root]: Train Loss : 0.011150975
[2021-12-20 05:28:16 | info | root]: Test Loss : 0.014579834
[2021-12-20 05:28:21 | info | root]: Epoch : 292
[2021-12-20 05:28:21 | info | root]: Train Loss : 0.010508936
[2021-12-20 05:28:21 | info | root]: Test Loss : 0.014017501
[2021-12-20 05:28:28 | info | root]: Epoch : 293
[2021-12-20 05:28:28 | info | root]: Train Loss : 0.010618276
[2021-12-20 05:28:28 | info | root]: Test Loss : 0.014280714
[2021-12-20 05:28:38 | info | root]: Epoch : 294
[2021-12-20 05:28:38 | info | root]: Train Loss : 0.010574939
[2021-12-20 05:28:38 | info | root]: Test Loss : 0.014202187
[2021-12-20 05:28:49 | info | root]: Epoch : 295
[2021-12-20 05:28:49 | info | root]: Train Loss : 0.010703075
[2021-12-20 05:28:49 | info | root]: Test Loss : 0.01437847
[2021-12-20 05:28:54 | info | root]: Epoch : 296
[2021-12-20 05:28:54 | info | root]: Train Loss : 0.010994835
[2021-12-20 05:28:54 | info | root]: Test Loss : 0.014390305
[2021-12-20 05:29:00 | info | root]: Epoch : 297
[2021-12-20 05:29:00 | info | root]: Train Loss : 0.010641823
[2021-12-20 05:29:00 | info | root]: Test Loss : 0.014218527
[2021-12-20 05:29:09 | info | root]: Epoch : 298
[2021-12-20 05:29:09 | info | root]: Train Loss : 0.010874625
[2021-12-20 05:29:09 | info | root]: Test Loss : 0.014527343
[2021-12-20 05:29:19 | info | root]: Epoch : 299
[2021-12-20 05:29:19 | info | root]: Train Loss : 0.010682982
[2021-12-20 05:29:19 | info | root]: Test Loss : 0.014252388
[2021-12-20 05:29:29 | info | root]: Epoch : 300
[2021-12-20 05:29:29 | info | root]: Train Loss : 0.010954117
[2021-12-20 05:29:29 | info | root]: Test Loss : 0.014554533
[2021-12-20 05:29:34 | info | root]: Epoch : 301
[2021-12-20 05:29:34 | info | root]: Train Loss : 0.029531151
[2021-12-20 05:29:34 | info | root]: Test Loss : 0.032501217
[2021-12-20 05:29:40 | info | root]: Epoch : 302
[2021-12-20 05:29:40 | info | root]: Train Loss : 0.028923886
[2021-12-20 05:29:40 | info | root]: Test Loss : 0.031512685
[2021-12-20 05:29:48 | info | root]: Epoch : 303
[2021-12-20 05:29:48 | info | root]: Train Loss : 0.021953117
[2021-12-20 05:29:48 | info | root]: Test Loss : 0.02485441
[2021-12-20 05:29:58 | info | root]: Epoch : 304
[2021-12-20 05:29:58 | info | root]: Train Loss : 0.019926898
[2021-12-20 05:29:58 | info | root]: Test Loss : 0.02256247
[2021-12-20 05:30:14 | info | root]: Epoch : 305
[2021-12-20 05:30:14 | info | root]: Train Loss : 0.015309774
[2021-12-20 05:30:14 | info | root]: Test Loss : 0.018219976
[2021-12-20 05:30:25 | info | root]: Epoch : 306
[2021-12-20 05:30:25 | info | root]: Train Loss : 0.014746687
[2021-12-20 05:30:25 | info | root]: Test Loss : 0.018084463
[2021-12-20 05:30:31 | info | root]: Epoch : 307
[2021-12-20 05:30:31 | info | root]: Train Loss : 0.014021388
[2021-12-20 05:30:31 | info | root]: Test Loss : 0.017411908
[2021-12-20 05:30:36 | info | root]: Epoch : 308
[2021-12-20 05:30:36 | info | root]: Train Loss : 0.014208163
[2021-12-20 05:30:36 | info | root]: Test Loss : 0.017102733
[2021-12-20 05:30:41 | info | root]: Epoch : 309
[2021-12-20 05:30:41 | info | root]: Train Loss : 0.013954449
[2021-12-20 05:30:41 | info | root]: Test Loss : 0.017258627
[2021-12-20 05:30:51 | info | root]: Epoch : 310
[2021-12-20 05:30:51 | info | root]: Train Loss : 0.011673388
[2021-12-20 05:30:51 | info | root]: Test Loss : 0.015013354
[2021-12-20 05:31:01 | info | root]: Epoch : 311
[2021-12-20 05:31:01 | info | root]: Train Loss : 0.011647258
[2021-12-20 05:31:01 | info | root]: Test Loss : 0.015274644
[2021-12-20 05:31:11 | info | root]: Epoch : 312
[2021-12-20 05:31:11 | info | root]: Train Loss : 0.011214735
[2021-12-20 05:31:11 | info | root]: Test Loss : 0.014629954
[2021-12-20 05:31:18 | info | root]: Epoch : 313
[2021-12-20 05:31:18 | info | root]: Train Loss : 0.011070443
[2021-12-20 05:31:18 | info | root]: Test Loss : 0.014454858
[2021-12-20 05:31:24 | info | root]: Epoch : 314
[2021-12-20 05:31:24 | info | root]: Train Loss : 0.011176036
[2021-12-20 05:31:24 | info | root]: Test Loss : 0.0147110475
[2021-12-20 05:31:33 | info | root]: Epoch : 315
[2021-12-20 05:31:33 | info | root]: Train Loss : 0.011076679
[2021-12-20 05:31:33 | info | root]: Test Loss : 0.01449785
[2021-12-20 05:31:42 | info | root]: Epoch : 316
[2021-12-20 05:31:42 | info | root]: Train Loss : 0.011061964
[2021-12-20 05:31:42 | info | root]: Test Loss : 0.014540877
[2021-12-20 05:31:54 | info | root]: Epoch : 317
[2021-12-20 05:31:54 | info | root]: Train Loss : 0.010541882
[2021-12-20 05:31:54 | info | root]: Test Loss : 0.014156276
[2021-12-20 05:31:59 | info | root]: Epoch : 318
[2021-12-20 05:31:59 | info | root]: Train Loss : 0.010666061
[2021-12-20 05:31:59 | info | root]: Test Loss : 0.014181733
[2021-12-20 05:32:04 | info | root]: Epoch : 319
[2021-12-20 05:32:04 | info | root]: Train Loss : 0.011055964
[2021-12-20 05:32:04 | info | root]: Test Loss : 0.014719272
[2021-12-20 05:32:13 | info | root]: Epoch : 320
[2021-12-20 05:32:13 | info | root]: Train Loss : 0.011046689
[2021-12-20 05:32:13 | info | root]: Test Loss : 0.014776921
[2021-12-20 05:32:23 | info | root]: Epoch : 321
[2021-12-20 05:32:23 | info | root]: Train Loss : 0.010354316
[2021-12-20 05:32:23 | info | root]: Test Loss : 0.014130823
[2021-12-20 05:32:36 | info | root]: Epoch : 322
[2021-12-20 05:32:36 | info | root]: Train Loss : 0.0103233
[2021-12-20 05:32:36 | info | root]: Test Loss : 0.013993023
[2021-12-20 05:32:41 | info | root]: Epoch : 323
[2021-12-20 05:32:41 | info | root]: Train Loss : 0.010635002
[2021-12-20 05:32:41 | info | root]: Test Loss : 0.014273507
[2021-12-20 05:32:46 | info | root]: Epoch : 324
[2021-12-20 05:32:46 | info | root]: Train Loss : 0.010673328
[2021-12-20 05:32:46 | info | root]: Test Loss : 0.014247083
[2021-12-20 05:32:53 | info | root]: Epoch : 325
[2021-12-20 05:32:53 | info | root]: Train Loss : 0.010245065
[2021-12-20 05:32:53 | info | root]: Test Loss : 0.013879486
[2021-12-20 05:33:03 | info | root]: Epoch : 326
[2021-12-20 05:33:03 | info | root]: Train Loss : 0.0102962665
[2021-12-20 05:33:03 | info | root]: Test Loss : 0.013925189
[2021-12-20 05:33:13 | info | root]: Epoch : 327
[2021-12-20 05:33:13 | info | root]: Train Loss : 0.010443025
[2021-12-20 05:33:13 | info | root]: Test Loss : 0.014196478
[2021-12-20 05:33:24 | info | root]: Epoch : 328
[2021-12-20 05:33:24 | info | root]: Train Loss : 0.010194555
[2021-12-20 05:33:24 | info | root]: Test Loss : 0.014002126
[2021-12-20 05:33:29 | info | root]: Epoch : 329
[2021-12-20 05:33:29 | info | root]: Train Loss : 0.0100253
[2021-12-20 05:33:29 | info | root]: Test Loss : 0.013533261
[2021-12-20 05:33:34 | info | root]: Epoch : 330
[2021-12-20 05:33:34 | info | root]: Train Loss : 0.010149916
[2021-12-20 05:33:34 | info | root]: Test Loss : 0.013765514
[2021-12-20 05:33:40 | info | root]: Epoch : 331
[2021-12-20 05:33:40 | info | root]: Train Loss : 0.010290312
[2021-12-20 05:33:40 | info | root]: Test Loss : 0.013922784
[2021-12-20 05:33:50 | info | root]: Epoch : 332
[2021-12-20 05:33:50 | info | root]: Train Loss : 0.009874129
[2021-12-20 05:33:50 | info | root]: Test Loss : 0.013549807
[2021-12-20 05:34:01 | info | root]: Epoch : 333
[2021-12-20 05:34:01 | info | root]: Train Loss : 0.009937241
[2021-12-20 05:34:01 | info | root]: Test Loss : 0.013713844
[2021-12-20 05:34:12 | info | root]: Epoch : 334
[2021-12-20 05:34:12 | info | root]: Train Loss : 0.010333006
[2021-12-20 05:34:12 | info | root]: Test Loss : 0.014075559
[2021-12-20 05:34:17 | info | root]: Epoch : 335
[2021-12-20 05:34:17 | info | root]: Train Loss : 0.0100563355
[2021-12-20 05:34:17 | info | root]: Test Loss : 0.0138977785
[2021-12-20 05:34:22 | info | root]: Epoch : 336
[2021-12-20 05:34:22 | info | root]: Train Loss : 0.010099327
[2021-12-20 05:34:22 | info | root]: Test Loss : 0.013659234
[2021-12-20 05:34:31 | info | root]: Epoch : 337
[2021-12-20 05:34:31 | info | root]: Train Loss : 0.010806353
[2021-12-20 05:34:31 | info | root]: Test Loss : 0.014473831
[2021-12-20 05:34:41 | info | root]: Epoch : 338
[2021-12-20 05:34:41 | info | root]: Train Loss : 0.010162436
[2021-12-20 05:34:41 | info | root]: Test Loss : 0.013849426
[2021-12-20 05:34:51 | info | root]: Epoch : 339
[2021-12-20 05:34:51 | info | root]: Train Loss : 0.010033282
[2021-12-20 05:34:51 | info | root]: Test Loss : 0.013629321
[2021-12-20 05:34:57 | info | root]: Epoch : 340
[2021-12-20 05:34:57 | info | root]: Train Loss : 0.009764751
[2021-12-20 05:34:57 | info | root]: Test Loss : 0.0136371795
[2021-12-20 05:35:02 | info | root]: Epoch : 341
[2021-12-20 05:35:02 | info | root]: Train Loss : 0.009670255
[2021-12-20 05:35:02 | info | root]: Test Loss : 0.013134853
[2021-12-20 05:35:10 | info | root]: Epoch : 342
[2021-12-20 05:35:10 | info | root]: Train Loss : 0.010642585
[2021-12-20 05:35:10 | info | root]: Test Loss : 0.014494136
[2021-12-20 05:35:20 | info | root]: Epoch : 343
[2021-12-20 05:35:20 | info | root]: Train Loss : 0.02143266
[2021-12-20 05:35:20 | info | root]: Test Loss : 0.02495464
[2021-12-20 05:35:33 | info | root]: Epoch : 344
[2021-12-20 05:35:33 | info | root]: Train Loss : 0.028909054
[2021-12-20 05:35:33 | info | root]: Test Loss : 0.0316457
[2021-12-20 05:35:38 | info | root]: Epoch : 345
[2021-12-20 05:35:38 | info | root]: Train Loss : 0.023889856
[2021-12-20 05:35:38 | info | root]: Test Loss : 0.02746421
[2021-12-20 05:35:43 | info | root]: Epoch : 346
[2021-12-20 05:35:43 | info | root]: Train Loss : 0.016320596
[2021-12-20 05:35:43 | info | root]: Test Loss : 0.019286826
[2021-12-20 05:35:53 | info | root]: Epoch : 347
[2021-12-20 05:35:53 | info | root]: Train Loss : 0.0130051365
[2021-12-20 05:35:53 | info | root]: Test Loss : 0.016268095
[2021-12-20 05:36:03 | info | root]: Epoch : 348
[2021-12-20 05:36:03 | info | root]: Train Loss : 0.013133661
[2021-12-20 05:36:03 | info | root]: Test Loss : 0.016300738
[2021-12-20 05:36:14 | info | root]: Epoch : 349
[2021-12-20 05:36:14 | info | root]: Train Loss : 0.011458974
[2021-12-20 05:36:14 | info | root]: Test Loss : 0.014878256
[2021-12-20 05:36:19 | info | root]: Epoch : 350
[2021-12-20 05:36:19 | info | root]: Train Loss : 0.01051349
[2021-12-20 05:36:19 | info | root]: Test Loss : 0.013995758
[2021-12-20 05:36:25 | info | root]: Epoch : 351
[2021-12-20 05:36:25 | info | root]: Train Loss : 0.0104028275
[2021-12-20 05:36:25 | info | root]: Test Loss : 0.01393786
[2021-12-20 05:36:33 | info | root]: Epoch : 352
[2021-12-20 05:36:33 | info | root]: Train Loss : 0.010199998
[2021-12-20 05:36:33 | info | root]: Test Loss : 0.013731545
[2021-12-20 05:36:43 | info | root]: Epoch : 353
[2021-12-20 05:36:43 | info | root]: Train Loss : 0.0098028295
[2021-12-20 05:36:43 | info | root]: Test Loss : 0.0133970305
[2021-12-20 05:36:54 | info | root]: Epoch : 354
[2021-12-20 05:36:54 | info | root]: Train Loss : 0.01003452
[2021-12-20 05:36:54 | info | root]: Test Loss : 0.013811957
[2021-12-20 05:36:59 | info | root]: Epoch : 355
[2021-12-20 05:36:59 | info | root]: Train Loss : 0.011623653
[2021-12-20 05:36:59 | info | root]: Test Loss : 0.01499917
[2021-12-20 05:37:05 | info | root]: Epoch : 356
[2021-12-20 05:37:05 | info | root]: Train Loss : 0.010010768
[2021-12-20 05:37:05 | info | root]: Test Loss : 0.013408825
[2021-12-20 05:37:14 | info | root]: Epoch : 357
[2021-12-20 05:37:14 | info | root]: Train Loss : 0.009900483
[2021-12-20 05:37:14 | info | root]: Test Loss : 0.013465386
[2021-12-20 05:37:24 | info | root]: Epoch : 358
[2021-12-20 05:37:24 | info | root]: Train Loss : 0.00946359
[2021-12-20 05:37:24 | info | root]: Test Loss : 0.013084255
[2021-12-20 05:37:35 | info | root]: Epoch : 359
[2021-12-20 05:37:35 | info | root]: Train Loss : 0.0095447535
[2021-12-20 05:37:35 | info | root]: Test Loss : 0.013286931
[2021-12-20 05:37:40 | info | root]: Epoch : 360
[2021-12-20 05:37:40 | info | root]: Train Loss : 0.009927698
[2021-12-20 05:37:40 | info | root]: Test Loss : 0.013498288
[2021-12-20 05:37:45 | info | root]: Epoch : 361
[2021-12-20 05:37:45 | info | root]: Train Loss : 0.009377886
[2021-12-20 05:37:45 | info | root]: Test Loss : 0.012963703
[2021-12-20 05:37:54 | info | root]: Epoch : 362
[2021-12-20 05:37:54 | info | root]: Train Loss : 0.009366757
[2021-12-20 05:37:54 | info | root]: Test Loss : 0.013100481
[2021-12-20 05:38:04 | info | root]: Epoch : 363
[2021-12-20 05:38:04 | info | root]: Train Loss : 0.009313911
[2021-12-20 05:38:04 | info | root]: Test Loss : 0.012967246
[2021-12-20 05:38:15 | info | root]: Epoch : 364
[2021-12-20 05:38:15 | info | root]: Train Loss : 0.009482173
[2021-12-20 05:38:15 | info | root]: Test Loss : 0.013316531
[2021-12-20 05:38:20 | info | root]: Epoch : 365
[2021-12-20 05:38:20 | info | root]: Train Loss : 0.009471956
[2021-12-20 05:38:20 | info | root]: Test Loss : 0.013243546
[2021-12-20 05:38:25 | info | root]: Epoch : 366
[2021-12-20 05:38:25 | info | root]: Train Loss : 0.009242638
[2021-12-20 05:38:25 | info | root]: Test Loss : 0.0131094195
[2021-12-20 05:38:34 | info | root]: Epoch : 367
[2021-12-20 05:38:34 | info | root]: Train Loss : 0.009249549
[2021-12-20 05:38:34 | info | root]: Test Loss : 0.013019655
[2021-12-20 05:38:44 | info | root]: Epoch : 368
[2021-12-20 05:38:44 | info | root]: Train Loss : 0.009342964
[2021-12-20 05:38:44 | info | root]: Test Loss : 0.012984033
[2021-12-20 05:38:55 | info | root]: Epoch : 369
[2021-12-20 05:38:55 | info | root]: Train Loss : 0.009364083
[2021-12-20 05:38:55 | info | root]: Test Loss : 0.013209658
[2021-12-20 05:39:00 | info | root]: Epoch : 370
[2021-12-20 05:39:00 | info | root]: Train Loss : 0.009333897
[2021-12-20 05:39:00 | info | root]: Test Loss : 0.013156943
[2021-12-20 05:39:05 | info | root]: Epoch : 371
[2021-12-20 05:39:05 | info | root]: Train Loss : 0.009285866
[2021-12-20 05:39:05 | info | root]: Test Loss : 0.012975981
[2021-12-20 05:39:13 | info | root]: Epoch : 372
[2021-12-20 05:39:13 | info | root]: Train Loss : 0.009163195
[2021-12-20 05:39:13 | info | root]: Test Loss : 0.012768749
[2021-12-20 05:39:26 | info | root]: Epoch : 373
[2021-12-20 05:39:26 | info | root]: Train Loss : 0.009353619
[2021-12-20 05:39:26 | info | root]: Test Loss : 0.013292553
[2021-12-20 05:39:37 | info | root]: Epoch : 374
[2021-12-20 05:39:37 | info | root]: Train Loss : 0.009429994
[2021-12-20 05:39:37 | info | root]: Test Loss : 0.013336144
[2021-12-20 05:39:42 | info | root]: Epoch : 375
[2021-12-20 05:39:42 | info | root]: Train Loss : 0.009663675
[2021-12-20 05:39:42 | info | root]: Test Loss : 0.013620369
[2021-12-20 05:39:48 | info | root]: Epoch : 376
[2021-12-20 05:39:48 | info | root]: Train Loss : 0.009310839
[2021-12-20 05:39:48 | info | root]: Test Loss : 0.013098919
[2021-12-20 05:39:58 | info | root]: Epoch : 377
[2021-12-20 05:39:58 | info | root]: Train Loss : 0.009110244
[2021-12-20 05:39:58 | info | root]: Test Loss : 0.012943348
[2021-12-20 05:40:09 | info | root]: Epoch : 378
[2021-12-20 05:40:09 | info | root]: Train Loss : 0.00916631
[2021-12-20 05:40:09 | info | root]: Test Loss : 0.0128471255
[2021-12-20 05:40:19 | info | root]: Epoch : 379
[2021-12-20 05:40:19 | info | root]: Train Loss : 0.00957992
[2021-12-20 05:40:19 | info | root]: Test Loss : 0.013345056
[2021-12-20 05:40:26 | info | root]: Epoch : 380
[2021-12-20 05:40:26 | info | root]: Train Loss : 0.009094852
[2021-12-20 05:40:26 | info | root]: Test Loss : 0.01278265
[2021-12-20 05:40:31 | info | root]: Epoch : 381
[2021-12-20 05:40:31 | info | root]: Train Loss : 0.00896898
[2021-12-20 05:40:31 | info | root]: Test Loss : 0.012843791
[2021-12-20 05:40:37 | info | root]: Epoch : 382
[2021-12-20 05:40:37 | info | root]: Train Loss : 0.008868436
[2021-12-20 05:40:37 | info | root]: Test Loss : 0.012699358
[2021-12-20 05:40:47 | info | root]: Epoch : 383
[2021-12-20 05:40:47 | info | root]: Train Loss : 0.008978665
[2021-12-20 05:40:47 | info | root]: Test Loss : 0.012861018
[2021-12-20 05:40:57 | info | root]: Epoch : 384
[2021-12-20 05:40:57 | info | root]: Train Loss : 0.00886118
[2021-12-20 05:40:57 | info | root]: Test Loss : 0.012652762
[2021-12-20 05:41:03 | info | root]: Epoch : 385
[2021-12-20 05:41:03 | info | root]: Train Loss : 0.009207805
[2021-12-20 05:41:03 | info | root]: Test Loss : 0.01319845
[2021-12-20 05:41:09 | info | root]: Epoch : 386
[2021-12-20 05:41:09 | info | root]: Train Loss : 0.0101904515
[2021-12-20 05:41:09 | info | root]: Test Loss : 0.013650083
[2021-12-20 05:41:17 | info | root]: Epoch : 387
[2021-12-20 05:41:17 | info | root]: Train Loss : 0.009535481
[2021-12-20 05:41:17 | info | root]: Test Loss : 0.013333669
[2021-12-20 05:41:27 | info | root]: Epoch : 388
[2021-12-20 05:41:27 | info | root]: Train Loss : 0.009075059
[2021-12-20 05:41:27 | info | root]: Test Loss : 0.012870834
[2021-12-20 05:41:38 | info | root]: Epoch : 389
[2021-12-20 05:41:38 | info | root]: Train Loss : 0.008868989
[2021-12-20 05:41:38 | info | root]: Test Loss : 0.0126394965
[2021-12-20 05:41:43 | info | root]: Epoch : 390
[2021-12-20 05:41:43 | info | root]: Train Loss : 0.009441205
[2021-12-20 05:41:43 | info | root]: Test Loss : 0.013205408
[2021-12-20 05:41:48 | info | root]: Epoch : 391
[2021-12-20 05:41:48 | info | root]: Train Loss : 0.04425733
[2021-12-20 05:41:48 | info | root]: Test Loss : 0.04640024
[2021-12-20 05:41:54 | info | root]: Epoch : 392
[2021-12-20 05:41:54 | info | root]: Train Loss : 0.02394459
[2021-12-20 05:41:54 | info | root]: Test Loss : 0.026924323
[2021-12-20 05:42:04 | info | root]: Epoch : 393
[2021-12-20 05:42:04 | info | root]: Train Loss : 0.016994152
[2021-12-20 05:42:04 | info | root]: Test Loss : 0.019708503
[2021-12-20 05:42:20 | info | root]: Epoch : 394
[2021-12-20 05:42:20 | info | root]: Train Loss : 0.013227341
[2021-12-20 05:42:20 | info | root]: Test Loss : 0.01654065
[2021-12-20 05:42:31 | info | root]: Epoch : 395
[2021-12-20 05:42:31 | info | root]: Train Loss : 0.011477163
[2021-12-20 05:42:31 | info | root]: Test Loss : 0.014878498
[2021-12-20 05:42:36 | info | root]: Epoch : 396
[2021-12-20 05:42:36 | info | root]: Train Loss : 0.010228067
[2021-12-20 05:42:36 | info | root]: Test Loss : 0.013737873
[2021-12-20 05:42:41 | info | root]: Epoch : 397
[2021-12-20 05:42:41 | info | root]: Train Loss : 0.009617943
[2021-12-20 05:42:41 | info | root]: Test Loss : 0.013186721
[2021-12-20 05:42:49 | info | root]: Epoch : 398
[2021-12-20 05:42:49 | info | root]: Train Loss : 0.009201727
[2021-12-20 05:42:49 | info | root]: Test Loss : 0.012835096
[2021-12-20 05:43:00 | info | root]: Epoch : 399
[2021-12-20 05:43:00 | info | root]: Train Loss : 0.009403289
[2021-12-20 05:43:00 | info | root]: Test Loss : 0.013163138
[2021-12-20 05:43:10 | info | root]: Epoch : 400
[2021-12-20 05:43:10 | info | root]: Train Loss : 0.0090407785
[2021-12-20 05:43:10 | info | root]: Test Loss : 0.012795299
[2021-12-20 05:43:16 | info | root]: Epoch : 401
[2021-12-20 05:43:16 | info | root]: Train Loss : 0.009101039
[2021-12-20 05:43:16 | info | root]: Test Loss : 0.012875135
[2021-12-20 05:43:21 | info | root]: Epoch : 402
[2021-12-20 05:43:21 | info | root]: Train Loss : 0.009115879
[2021-12-20 05:43:21 | info | root]: Test Loss : 0.012822017
[2021-12-20 05:43:27 | info | root]: Epoch : 403
[2021-12-20 05:43:27 | info | root]: Train Loss : 0.008927464
[2021-12-20 05:43:27 | info | root]: Test Loss : 0.012596639
[2021-12-20 05:43:37 | info | root]: Epoch : 404
[2021-12-20 05:43:37 | info | root]: Train Loss : 0.008928807
[2021-12-20 05:43:37 | info | root]: Test Loss : 0.012532006
[2021-12-20 05:43:47 | info | root]: Epoch : 405
[2021-12-20 05:43:47 | info | root]: Train Loss : 0.008920576
[2021-12-20 05:43:47 | info | root]: Test Loss : 0.012651576
[2021-12-20 05:43:57 | info | root]: Epoch : 406
[2021-12-20 05:43:57 | info | root]: Train Loss : 0.008953265
[2021-12-20 05:43:57 | info | root]: Test Loss : 0.012789881
[2021-12-20 05:44:02 | info | root]: Epoch : 407
[2021-12-20 05:44:02 | info | root]: Train Loss : 0.008620917
[2021-12-20 05:44:02 | info | root]: Test Loss : 0.012457281
[2021-12-20 05:44:08 | info | root]: Epoch : 408
[2021-12-20 05:44:08 | info | root]: Train Loss : 0.008958194
[2021-12-20 05:44:08 | info | root]: Test Loss : 0.012802808
[2021-12-20 05:44:14 | info | root]: Epoch : 409
[2021-12-20 05:44:14 | info | root]: Train Loss : 0.009062199
[2021-12-20 05:44:14 | info | root]: Test Loss : 0.012946013
[2021-12-20 05:44:27 | info | root]: Epoch : 410
[2021-12-20 05:44:27 | info | root]: Train Loss : 0.0086255865
[2021-12-20 05:44:27 | info | root]: Test Loss : 0.012466073
[2021-12-20 05:44:37 | info | root]: Epoch : 411
[2021-12-20 05:44:37 | info | root]: Train Loss : 0.0088663185
[2021-12-20 05:44:37 | info | root]: Test Loss : 0.01267751
[2021-12-20 05:44:42 | info | root]: Epoch : 412
[2021-12-20 05:44:42 | info | root]: Train Loss : 0.008573177
[2021-12-20 05:44:42 | info | root]: Test Loss : 0.012424167
[2021-12-20 05:44:48 | info | root]: Epoch : 413
[2021-12-20 05:44:48 | info | root]: Train Loss : 0.008669611
[2021-12-20 05:44:48 | info | root]: Test Loss : 0.012426906
[2021-12-20 05:44:55 | info | root]: Epoch : 414
[2021-12-20 05:44:55 | info | root]: Train Loss : 0.008631222
[2021-12-20 05:44:55 | info | root]: Test Loss : 0.012474766
[2021-12-20 05:45:05 | info | root]: Epoch : 415
[2021-12-20 05:45:05 | info | root]: Train Loss : 0.008476687
[2021-12-20 05:45:05 | info | root]: Test Loss : 0.01251746
[2021-12-20 05:45:16 | info | root]: Epoch : 416
[2021-12-20 05:45:16 | info | root]: Train Loss : 0.008457906
[2021-12-20 05:45:16 | info | root]: Test Loss : 0.01242451
[2021-12-20 05:45:21 | info | root]: Epoch : 417
[2021-12-20 05:45:21 | info | root]: Train Loss : 0.008366793
[2021-12-20 05:45:21 | info | root]: Test Loss : 0.01227515
[2021-12-20 05:45:28 | info | root]: Epoch : 418
[2021-12-20 05:45:28 | info | root]: Train Loss : 0.008637651
[2021-12-20 05:45:28 | info | root]: Test Loss : 0.012360227
[2021-12-20 05:45:35 | info | root]: Epoch : 419
[2021-12-20 05:45:35 | info | root]: Train Loss : 0.00873999
[2021-12-20 05:45:35 | info | root]: Test Loss : 0.012796069
[2021-12-20 05:45:45 | info | root]: Epoch : 420
[2021-12-20 05:45:45 | info | root]: Train Loss : 0.009462227
[2021-12-20 05:45:45 | info | root]: Test Loss : 0.013367401
[2021-12-20 05:45:55 | info | root]: Epoch : 421
[2021-12-20 05:45:55 | info | root]: Train Loss : 0.008744472
[2021-12-20 05:45:55 | info | root]: Test Loss : 0.012634761
[2021-12-20 05:46:11 | info | root]: Epoch : 422
[2021-12-20 05:46:11 | info | root]: Train Loss : 0.008559773
[2021-12-20 05:46:11 | info | root]: Test Loss : 0.012792642
[2021-12-20 05:46:22 | info | root]: Epoch : 423
[2021-12-20 05:46:22 | info | root]: Train Loss : 0.008633166
[2021-12-20 05:46:22 | info | root]: Test Loss : 0.012777459
[2021-12-20 05:46:27 | info | root]: Epoch : 424
[2021-12-20 05:46:27 | info | root]: Train Loss : 0.008231035
[2021-12-20 05:46:27 | info | root]: Test Loss : 0.012155402
[2021-12-20 05:46:33 | info | root]: Epoch : 425
[2021-12-20 05:46:33 | info | root]: Train Loss : 0.0084835
[2021-12-20 05:46:33 | info | root]: Test Loss : 0.012426145
[2021-12-20 05:46:42 | info | root]: Epoch : 426
[2021-12-20 05:46:42 | info | root]: Train Loss : 0.008715035
[2021-12-20 05:46:42 | info | root]: Test Loss : 0.012824657
[2021-12-20 05:46:51 | info | root]: Epoch : 427
[2021-12-20 05:46:51 | info | root]: Train Loss : 0.00886278
[2021-12-20 05:46:51 | info | root]: Test Loss : 0.012699043
[2021-12-20 05:47:02 | info | root]: Epoch : 428
[2021-12-20 05:47:02 | info | root]: Train Loss : 0.010872437
[2021-12-20 05:47:02 | info | root]: Test Loss : 0.014343493
[2021-12-20 05:47:07 | info | root]: Epoch : 429
[2021-12-20 05:47:07 | info | root]: Train Loss : 0.02727734
[2021-12-20 05:47:07 | info | root]: Test Loss : 0.029360183
[2021-12-20 05:47:12 | info | root]: Epoch : 430
[2021-12-20 05:47:12 | info | root]: Train Loss : 0.019191442
[2021-12-20 05:47:12 | info | root]: Test Loss : 0.021542706
[2021-12-20 05:47:20 | info | root]: Epoch : 431
[2021-12-20 05:47:20 | info | root]: Train Loss : 0.013825763
[2021-12-20 05:47:20 | info | root]: Test Loss : 0.017508708
[2021-12-20 05:47:30 | info | root]: Epoch : 432
[2021-12-20 05:47:30 | info | root]: Train Loss : 0.011058549
[2021-12-20 05:47:30 | info | root]: Test Loss : 0.014291372
[2021-12-20 05:47:42 | info | root]: Epoch : 433
[2021-12-20 05:47:42 | info | root]: Train Loss : 0.010108789
[2021-12-20 05:47:42 | info | root]: Test Loss : 0.013758741
[2021-12-20 05:47:47 | info | root]: Epoch : 434
[2021-12-20 05:47:47 | info | root]: Train Loss : 0.009304196
[2021-12-20 05:47:47 | info | root]: Test Loss : 0.012891114
[2021-12-20 05:47:53 | info | root]: Epoch : 435
[2021-12-20 05:47:53 | info | root]: Train Loss : 0.008829278
[2021-12-20 05:47:53 | info | root]: Test Loss : 0.012501719
[2021-12-20 05:48:01 | info | root]: Epoch : 436
[2021-12-20 05:48:01 | info | root]: Train Loss : 0.008726829
[2021-12-20 05:48:01 | info | root]: Test Loss : 0.0123719815
[2021-12-20 05:48:11 | info | root]: Epoch : 437
[2021-12-20 05:48:11 | info | root]: Train Loss : 0.008766469
[2021-12-20 05:48:11 | info | root]: Test Loss : 0.012391876
[2021-12-20 05:48:22 | info | root]: Epoch : 438
[2021-12-20 05:48:22 | info | root]: Train Loss : 0.008658784
[2021-12-20 05:48:22 | info | root]: Test Loss : 0.012479689
[2021-12-20 05:48:27 | info | root]: Epoch : 439
[2021-12-20 05:48:27 | info | root]: Train Loss : 0.008529105
[2021-12-20 05:48:27 | info | root]: Test Loss : 0.012501938
[2021-12-20 05:48:33 | info | root]: Epoch : 440
[2021-12-20 05:48:33 | info | root]: Train Loss : 0.008788515
[2021-12-20 05:48:33 | info | root]: Test Loss : 0.012689084
[2021-12-20 05:48:42 | info | root]: Epoch : 441
[2021-12-20 05:48:42 | info | root]: Train Loss : 0.008247945
[2021-12-20 05:48:42 | info | root]: Test Loss : 0.012064175
[2021-12-20 05:48:51 | info | root]: Epoch : 442
[2021-12-20 05:48:51 | info | root]: Train Loss : 0.008411368
[2021-12-20 05:48:51 | info | root]: Test Loss : 0.012205239
[2021-12-20 05:49:04 | info | root]: Epoch : 443
[2021-12-20 05:49:04 | info | root]: Train Loss : 0.008609045
[2021-12-20 05:49:04 | info | root]: Test Loss : 0.012441169
[2021-12-20 05:49:09 | info | root]: Epoch : 444
[2021-12-20 05:49:09 | info | root]: Train Loss : 0.008505231
[2021-12-20 05:49:09 | info | root]: Test Loss : 0.0122677665
[2021-12-20 05:49:15 | info | root]: Epoch : 445
[2021-12-20 05:49:15 | info | root]: Train Loss : 0.0084522115
[2021-12-20 05:49:15 | info | root]: Test Loss : 0.012259461
[2021-12-20 05:49:27 | info | root]: Epoch : 446
[2021-12-20 05:49:27 | info | root]: Train Loss : 0.008118893
[2021-12-20 05:49:27 | info | root]: Test Loss : 0.012048777
[2021-12-20 05:49:37 | info | root]: Epoch : 447
[2021-12-20 05:49:37 | info | root]: Train Loss : 0.008068242
[2021-12-20 05:49:37 | info | root]: Test Loss : 0.01200586
[2021-12-20 05:49:48 | info | root]: Epoch : 448
[2021-12-20 05:49:48 | info | root]: Train Loss : 0.008137036
[2021-12-20 05:49:48 | info | root]: Test Loss : 0.012167457
[2021-12-20 05:49:53 | info | root]: Epoch : 449
[2021-12-20 05:49:53 | info | root]: Train Loss : 0.008144337
[2021-12-20 05:49:53 | info | root]: Test Loss : 0.012034591
[2021-12-20 05:49:58 | info | root]: Epoch : 450
[2021-12-20 05:49:58 | info | root]: Train Loss : 0.008122948
[2021-12-20 05:49:58 | info | root]: Test Loss : 0.012179436
[2021-12-20 05:50:08 | info | root]: Epoch : 451
[2021-12-20 05:50:08 | info | root]: Train Loss : 0.008321057
[2021-12-20 05:50:08 | info | root]: Test Loss : 0.012227222
[2021-12-20 05:50:17 | info | root]: Epoch : 452
[2021-12-20 05:50:17 | info | root]: Train Loss : 0.0081617385
[2021-12-20 05:50:17 | info | root]: Test Loss : 0.012192534
[2021-12-20 05:50:28 | info | root]: Epoch : 453
[2021-12-20 05:50:28 | info | root]: Train Loss : 0.008213966
[2021-12-20 05:50:28 | info | root]: Test Loss : 0.012263157
[2021-12-20 05:50:33 | info | root]: Epoch : 454
[2021-12-20 05:50:33 | info | root]: Train Loss : 0.008769378
[2021-12-20 05:50:33 | info | root]: Test Loss : 0.012775594
[2021-12-20 05:50:39 | info | root]: Epoch : 455
[2021-12-20 05:50:39 | info | root]: Train Loss : 0.008167179
[2021-12-20 05:50:39 | info | root]: Test Loss : 0.012156904
[2021-12-20 05:50:47 | info | root]: Epoch : 456
[2021-12-20 05:50:47 | info | root]: Train Loss : 0.008288677
[2021-12-20 05:50:47 | info | root]: Test Loss : 0.012336453
[2021-12-20 05:50:57 | info | root]: Epoch : 457
[2021-12-20 05:50:57 | info | root]: Train Loss : 0.0079916315
[2021-12-20 05:50:57 | info | root]: Test Loss : 0.011996379
[2021-12-20 05:51:08 | info | root]: Epoch : 458
[2021-12-20 05:51:08 | info | root]: Train Loss : 0.007900945
[2021-12-20 05:51:08 | info | root]: Test Loss : 0.012092901
[2021-12-20 05:51:13 | info | root]: Epoch : 459
[2021-12-20 05:51:13 | info | root]: Train Loss : 0.007831313
[2021-12-20 05:51:13 | info | root]: Test Loss : 0.011995992
[2021-12-20 05:51:18 | info | root]: Epoch : 460
[2021-12-20 05:51:18 | info | root]: Train Loss : 0.008338456
[2021-12-20 05:51:18 | info | root]: Test Loss : 0.012273159
[2021-12-20 05:51:25 | info | root]: Epoch : 461
[2021-12-20 05:51:25 | info | root]: Train Loss : 0.007963385
[2021-12-20 05:51:25 | info | root]: Test Loss : 0.012032893
[2021-12-20 05:51:35 | info | root]: Epoch : 462
[2021-12-20 05:51:35 | info | root]: Train Loss : 0.008076594
[2021-12-20 05:51:35 | info | root]: Test Loss : 0.011780703
[2021-12-20 05:51:45 | info | root]: Epoch : 463
[2021-12-20 05:51:45 | info | root]: Train Loss : 0.007868738
[2021-12-20 05:51:45 | info | root]: Test Loss : 0.012007053
[2021-12-20 05:51:52 | info | root]: Epoch : 464
[2021-12-20 05:51:52 | info | root]: Train Loss : 0.0079482505
[2021-12-20 05:51:52 | info | root]: Test Loss : 0.011893726
[2021-12-20 05:51:57 | info | root]: Epoch : 465
[2021-12-20 05:51:57 | info | root]: Train Loss : 0.008191705
[2021-12-20 05:51:57 | info | root]: Test Loss : 0.012440486
[2021-12-20 05:52:05 | info | root]: Epoch : 466
[2021-12-20 05:52:05 | info | root]: Train Loss : 0.007847108
[2021-12-20 05:52:05 | info | root]: Test Loss : 0.011890201
[2021-12-20 05:52:15 | info | root]: Epoch : 467
[2021-12-20 05:52:15 | info | root]: Train Loss : 0.007834956
[2021-12-20 05:52:15 | info | root]: Test Loss : 0.011831919
[2021-12-20 05:52:28 | info | root]: Epoch : 468
[2021-12-20 05:52:28 | info | root]: Train Loss : 0.007936355
[2021-12-20 05:52:28 | info | root]: Test Loss : 0.011970304
[2021-12-20 05:52:33 | info | root]: Epoch : 469
[2021-12-20 05:52:33 | info | root]: Train Loss : 0.008009334
[2021-12-20 05:52:33 | info | root]: Test Loss : 0.012307879
[2021-12-20 05:52:39 | info | root]: Epoch : 470
[2021-12-20 05:52:39 | info | root]: Train Loss : 0.007960858
[2021-12-20 05:52:39 | info | root]: Test Loss : 0.011998088
[2021-12-20 05:52:47 | info | root]: Epoch : 471
[2021-12-20 05:52:47 | info | root]: Train Loss : 0.0082629705
[2021-12-20 05:52:47 | info | root]: Test Loss : 0.012115197
[2021-12-20 05:52:57 | info | root]: Epoch : 472
[2021-12-20 05:52:57 | info | root]: Train Loss : 0.008546373
[2021-12-20 05:52:57 | info | root]: Test Loss : 0.012828415
[2021-12-20 05:53:08 | info | root]: Epoch : 473
[2021-12-20 05:53:08 | info | root]: Train Loss : 0.008038782
[2021-12-20 05:53:08 | info | root]: Test Loss : 0.011821426
[2021-12-20 05:53:13 | info | root]: Epoch : 474
[2021-12-20 05:53:13 | info | root]: Train Loss : 0.008099464
[2021-12-20 05:53:13 | info | root]: Test Loss : 0.012208831
[2021-12-20 05:53:19 | info | root]: Epoch : 475
[2021-12-20 05:53:19 | info | root]: Train Loss : 0.008076739
[2021-12-20 05:53:19 | info | root]: Test Loss : 0.0122083025
[2021-12-20 05:53:27 | info | root]: Epoch : 476
[2021-12-20 05:53:27 | info | root]: Train Loss : 0.008327153
[2021-12-20 05:53:27 | info | root]: Test Loss : 0.012512781
[2021-12-20 05:53:37 | info | root]: Epoch : 477
[2021-12-20 05:53:37 | info | root]: Train Loss : 0.007993877
[2021-12-20 05:53:37 | info | root]: Test Loss : 0.012228284
[2021-12-20 05:53:48 | info | root]: Epoch : 478
[2021-12-20 05:53:48 | info | root]: Train Loss : 0.008083276
[2021-12-20 05:53:48 | info | root]: Test Loss : 0.0123176295
[2021-12-20 05:53:53 | info | root]: Epoch : 479
[2021-12-20 05:53:53 | info | root]: Train Loss : 0.008612134
[2021-12-20 05:53:53 | info | root]: Test Loss : 0.012810729
[2021-12-20 05:53:59 | info | root]: Epoch : 480
[2021-12-20 05:53:59 | info | root]: Train Loss : 0.008184116
[2021-12-20 05:53:59 | info | root]: Test Loss : 0.012135932
[2021-12-20 05:54:08 | info | root]: Epoch : 481
[2021-12-20 05:54:08 | info | root]: Train Loss : 0.008796389
[2021-12-20 05:54:08 | info | root]: Test Loss : 0.012843588
[2021-12-20 05:54:18 | info | root]: Epoch : 482
[2021-12-20 05:54:18 | info | root]: Train Loss : 0.008604024
[2021-12-20 05:54:18 | info | root]: Test Loss : 0.01271927
[2021-12-20 05:54:31 | info | root]: Epoch : 483
[2021-12-20 05:54:31 | info | root]: Train Loss : 0.007856186
[2021-12-20 05:54:31 | info | root]: Test Loss : 0.011951211
[2021-12-20 05:54:36 | info | root]: Epoch : 484
[2021-12-20 05:54:36 | info | root]: Train Loss : 0.0077849
[2021-12-20 05:54:36 | info | root]: Test Loss : 0.011672739
[2021-12-20 05:54:41 | info | root]: Epoch : 485
[2021-12-20 05:54:41 | info | root]: Train Loss : 0.00825216
[2021-12-20 05:54:41 | info | root]: Test Loss : 0.012173055
[2021-12-20 05:54:50 | info | root]: Epoch : 486
[2021-12-20 05:54:50 | info | root]: Train Loss : 0.0077211335
[2021-12-20 05:54:50 | info | root]: Test Loss : 0.011799405
[2021-12-20 05:55:00 | info | root]: Epoch : 487
[2021-12-20 05:55:00 | info | root]: Train Loss : 0.0076830643
[2021-12-20 05:55:00 | info | root]: Test Loss : 0.011791024
[2021-12-20 05:55:10 | info | root]: Epoch : 488
[2021-12-20 05:55:10 | info | root]: Train Loss : 0.008229191
[2021-12-20 05:55:10 | info | root]: Test Loss : 0.012550776
[2021-12-20 05:55:16 | info | root]: Epoch : 489
[2021-12-20 05:55:16 | info | root]: Train Loss : 0.007783105
[2021-12-20 05:55:16 | info | root]: Test Loss : 0.012069692
[2021-12-20 05:55:22 | info | root]: Epoch : 490
[2021-12-20 05:55:22 | info | root]: Train Loss : 0.008235544
[2021-12-20 05:55:22 | info | root]: Test Loss : 0.012555442
[2021-12-20 05:55:30 | info | root]: Epoch : 491
[2021-12-20 05:55:30 | info | root]: Train Loss : 0.007963721
[2021-12-20 05:55:30 | info | root]: Test Loss : 0.011842206
[2021-12-20 05:55:40 | info | root]: Epoch : 492
[2021-12-20 05:55:40 | info | root]: Train Loss : 0.007729721
[2021-12-20 05:55:40 | info | root]: Test Loss : 0.0119119715
[2021-12-20 05:55:51 | info | root]: Epoch : 493
[2021-12-20 05:55:51 | info | root]: Train Loss : 0.0076212864
[2021-12-20 05:55:51 | info | root]: Test Loss : 0.011837279
[2021-12-20 05:55:56 | info | root]: Epoch : 494
[2021-12-20 05:55:56 | info | root]: Train Loss : 0.007974654
[2021-12-20 05:55:56 | info | root]: Test Loss : 0.012098541
[2021-12-20 05:56:02 | info | root]: Epoch : 495
[2021-12-20 05:56:02 | info | root]: Train Loss : 0.008529565
[2021-12-20 05:56:02 | info | root]: Test Loss : 0.012485384
[2021-12-20 05:56:12 | info | root]: Epoch : 496
[2021-12-20 05:56:12 | info | root]: Train Loss : 0.007678667
[2021-12-20 05:56:12 | info | root]: Test Loss : 0.01174841
[2021-12-20 05:56:21 | info | root]: Epoch : 497
[2021-12-20 05:56:21 | info | root]: Train Loss : 0.008110361
[2021-12-20 05:56:21 | info | root]: Test Loss : 0.012332375
[2021-12-20 05:56:32 | info | root]: Epoch : 498
[2021-12-20 05:56:32 | info | root]: Train Loss : 0.007676935
[2021-12-20 05:56:32 | info | root]: Test Loss : 0.011786618
[2021-12-20 05:56:37 | info | root]: Epoch : 499
[2021-12-20 05:56:37 | info | root]: Train Loss : 0.007559586
[2021-12-20 05:56:37 | info | root]: Test Loss : 0.011667561
[2021-12-20 05:56:42 | info | root]: Epoch : 500
[2021-12-20 05:56:42 | info | root]: Train Loss : 0.007262114
[2021-12-20 05:56:42 | info | root]: Test Loss : 0.011554236
